/*C3*/SET SCHEMA PUBLIC
DISCONNECT
/*C6*/SET SCHEMA PUBLIC
INSERT INTO "customer" VALUES('de138ac9-61c4-4034-926c-6384548af987',NULL)
COMMIT
INSERT INTO "customer" VALUES('c48bff90-b5c5-4612-9285-9f3ce4f08efb',NULL)
COMMIT
INSERT INTO "customer" VALUES('7fdf1e88-5621-41c4-9c1c-c56ba9b7e067',NULL)
COMMIT
INSERT INTO "customer" VALUES('be64fdbe-fb87-453c-ac86-5f74f7d56075',NULL)
COMMIT
INSERT INTO "customer" VALUES('f06d915a-6be4-498f-95e5-d66bfb3e50d3',NULL)
COMMIT
INSERT INTO "customer" VALUES('ceb4d7b2-4575-4649-b0cc-ce1b01d45849',NULL)
COMMIT
INSERT INTO "customer" VALUES('7aec2841-036c-4004-9da8-808d24114c81',NULL)
COMMIT
INSERT INTO "customer" VALUES('d8289e3c-6494-4620-8e88-1c6a6f47f687',NULL)
COMMIT
INSERT INTO "customer" VALUES('b7c9c3da-f811-44ba-ba0f-89b264d7c78d',NULL)
COMMIT
INSERT INTO "customer" VALUES('5e9ac34f-b55b-479d-9a13-ec13b2167cf7',NULL)
COMMIT
INSERT INTO "customer" VALUES('bbb152ed-88d4-43f2-a85d-0179e6645d44',NULL)
COMMIT
INSERT INTO "customer" VALUES('b64af230-1b83-49b7-b841-17bba531c463',NULL)
COMMIT
INSERT INTO "customer" VALUES('f0d47f9a-3d01-48ad-8196-08e4df9673ef',NULL)
COMMIT
INSERT INTO "customer" VALUES('6bcb3297-ea69-43d0-8ad1-c20f0675e075',NULL)
COMMIT
INSERT INTO "customer" VALUES('a15c2d50-10af-40dd-a70a-283e2eccccd3',NULL)
COMMIT
INSERT INTO "customer" VALUES('11e8b888-dc91-432c-b6e7-622ca7d3ab40',NULL)
COMMIT
INSERT INTO "customer" VALUES('5b4d25d7-37c6-4c5a-a00b-a13b1b43f560',NULL)
COMMIT
INSERT INTO "customer" VALUES('2fe934ef-703a-4d63-9df2-d8ea706c8b73',NULL)
COMMIT
INSERT INTO "customer" VALUES('32ef4088-f1c3-45f3-b79f-a3ea0a51262c',NULL)
COMMIT
INSERT INTO "customer" VALUES('965ae828-671c-4a93-acbc-cd255e55c1fa',NULL)
COMMIT
INSERT INTO "customer" VALUES('300ca432-1dab-45b8-bbfe-b38125132ef6',NULL)
COMMIT
INSERT INTO "customer" VALUES('6c62eed8-b5a7-4323-b322-b4553be60794',NULL)
COMMIT
INSERT INTO "customer" VALUES('a2abdbc3-f6c5-4e55-a359-7543cac71ecd',NULL)
COMMIT
INSERT INTO "customer" VALUES('4115546c-0ed9-4a9f-a858-aa9f5e87d9b1',NULL)
COMMIT
INSERT INTO "customer" VALUES('974da3f8-34f2-4e53-9f3a-2e3d53bf5a00',NULL)
COMMIT
INSERT INTO "customer" VALUES('7e957bd9-100f-4ced-b974-a6e75bb88161',NULL)
COMMIT
INSERT INTO "customer" VALUES('917f9b82-e921-4976-aa15-00fb6547da67',NULL)
COMMIT
INSERT INTO "customer" VALUES('85355cf5-1dc2-4abc-ae55-e33b87239acb',NULL)
COMMIT
INSERT INTO "customer" VALUES('cc6c3fcc-1fd3-474c-b015-649ac2958e7b',NULL)
COMMIT
INSERT INTO "customer" VALUES('e727ffe1-86d8-46da-96e6-5dfae9da6249',NULL)
COMMIT
INSERT INTO "customer" VALUES('d6fd5587-3d5b-42ab-a897-599c150f6573',NULL)
COMMIT
INSERT INTO "customer" VALUES('0560b013-8c73-47be-a217-442a7941eadd',NULL)
COMMIT
INSERT INTO "customer" VALUES('d8503ce1-3098-4bf0-8582-7fb00664d64c',NULL)
COMMIT
INSERT INTO "customer" VALUES('6cf5d985-86e1-4d36-b655-9ba763661768',NULL)
COMMIT
INSERT INTO "customer" VALUES('861ab928-f2e0-49c2-a6ff-1193c240c187',NULL)
COMMIT
INSERT INTO "customer" VALUES('9157b27b-a11a-4812-8661-4b391c4b9c6d',NULL)
COMMIT
INSERT INTO "customer" VALUES('8e79abc0-2ff5-458b-ba7e-bf1e54e2d5cd',NULL)
COMMIT
INSERT INTO "customer" VALUES('6f48d556-00cc-44ed-a4e1-a255825d5f4a',NULL)
COMMIT
INSERT INTO "customer" VALUES('ebab0e02-899c-4dad-80ec-116638e63048',NULL)
COMMIT
INSERT INTO "customer" VALUES('fce78044-749a-490c-9c4a-caf78c9a49e5',NULL)
COMMIT
INSERT INTO "customer" VALUES('c61fbd54-869b-4092-9e1e-a2aa293d78d6',NULL)
COMMIT
INSERT INTO "customer" VALUES('d66fc7a9-d870-42bc-bb05-76dc7bf0761e',NULL)
COMMIT
INSERT INTO "customer" VALUES('a6d6ff94-6f6e-44a1-b32d-229f8ba8cd0c',NULL)
COMMIT
INSERT INTO "customer" VALUES('7ee2b80a-36f7-4b59-8b69-8fe11645263b',NULL)
COMMIT
INSERT INTO "customer" VALUES('e1d8b322-45d5-4d08-8a4d-652055f42fbb',NULL)
COMMIT
INSERT INTO "customer" VALUES('04fa70cb-90d4-495e-9c49-12821682342b',NULL)
COMMIT
INSERT INTO "customer" VALUES('86ea87de-12e0-4a2f-8840-c983c781ca7d',NULL)
COMMIT
INSERT INTO "customer" VALUES('23713026-3e3b-4006-88ec-ee865e2f1e15',NULL)
COMMIT
INSERT INTO "customer" VALUES('805316e3-df70-4586-8294-7364c4212214',NULL)
COMMIT
INSERT INTO "customer" VALUES('7f2a7da9-e658-4c54-9700-60065d2ba74d',NULL)
COMMIT
INSERT INTO "customer" VALUES('9fa5fbb9-2c69-4d32-9433-b06f664e7290',NULL)
COMMIT
INSERT INTO "customer" VALUES('87761f85-5552-4ca6-874e-f9ab7547dab3',NULL)
COMMIT
INSERT INTO "customer" VALUES('9fae8044-07bd-4f35-bc19-8d2488321653',NULL)
COMMIT
INSERT INTO "customer" VALUES('20efd9b3-cb06-4132-b3d7-5195fe153af0',NULL)
COMMIT
INSERT INTO "customer" VALUES('cbb6caad-1965-4dde-a1c1-844f0a785064',NULL)
COMMIT
INSERT INTO "customer" VALUES('6047916c-3407-4e44-b428-f142bb6e4a9e',NULL)
COMMIT
INSERT INTO "customer" VALUES('494c3e91-8dea-44e5-8ecf-0d93f78e1bc4',NULL)
COMMIT
INSERT INTO "customer" VALUES('ce0c5671-09f5-41b6-88a7-201bf20d25b8',NULL)
COMMIT
INSERT INTO "customer" VALUES('8c942e58-2ca3-41a9-8d4e-71b2e1d4438d',NULL)
COMMIT
INSERT INTO "customer" VALUES('eeb3648d-c8b2-402e-b27d-2a65c6803999',NULL)
COMMIT
INSERT INTO "customer" VALUES('e34c3269-0c87-4291-8c2e-a7f6ff65d437',NULL)
COMMIT
INSERT INTO "customer" VALUES('e395f693-802e-42a1-a8b7-9d0e4b88c4d2',NULL)
COMMIT
INSERT INTO "customer" VALUES('1d7a986a-ac07-4272-be8d-967596d48f28',NULL)
COMMIT
INSERT INTO "customer" VALUES('7ac58434-934d-4203-9b1c-687698c94c51',NULL)
COMMIT
INSERT INTO "customer" VALUES('c874187a-c2ab-41d3-b39f-79c93638c8a8',NULL)
COMMIT
INSERT INTO "customer" VALUES('2b01d002-25eb-4e55-a4c7-61e9484a220d',NULL)
COMMIT
INSERT INTO "customer" VALUES('361eaecf-9e04-4e57-af81-243f3f866865',NULL)
COMMIT
INSERT INTO "customer" VALUES('0c4b894e-4e6c-46b2-9ab4-e985fd722e95',NULL)
COMMIT
INSERT INTO "customer" VALUES('e426050e-38a6-4b26-862e-771035dd58ba',NULL)
COMMIT
INSERT INTO "customer" VALUES('5a501c09-dd21-46be-8bd9-85720416747f',NULL)
COMMIT
INSERT INTO "customer" VALUES('26387610-2a77-4bb1-9927-3f1f4ae4bfb0',NULL)
COMMIT
INSERT INTO "customer" VALUES('f1617c61-7fb2-4352-aa93-a991b5049326',NULL)
COMMIT
INSERT INTO "customer" VALUES('8660501d-27d7-47a7-a2cb-1dd47cbdf70e',NULL)
COMMIT
INSERT INTO "customer" VALUES('1176b050-1b11-4846-af6a-f102aee6136c',NULL)
COMMIT
INSERT INTO "customer" VALUES('c2e04286-3caa-4c07-a613-48fbf41cb833',NULL)
COMMIT
INSERT INTO "customer" VALUES('80e3c382-6939-4753-95df-97687c9c9890',NULL)
COMMIT
INSERT INTO "customer" VALUES('d03159b7-79c2-45dc-8894-cc36a7d36e67',NULL)
COMMIT
INSERT INTO "customer" VALUES('e4fee4c1-4001-42af-ac7a-d71c03e5b2c7',NULL)
COMMIT
INSERT INTO "customer" VALUES('e58341c0-7646-4c37-9d7a-81b1a094836d',NULL)
COMMIT
INSERT INTO "customer" VALUES('44522ec2-5212-4e49-aec0-c4ad172a4710',NULL)
COMMIT
INSERT INTO "customer" VALUES('ddbbf911-6e6d-418f-8385-7e3381ed928c',NULL)
COMMIT
INSERT INTO "customer" VALUES('3288b91f-4711-41a7-94cc-747a248ba552',NULL)
COMMIT
INSERT INTO "customer" VALUES('cff0a24f-32f5-4d99-8c4b-209e33a1f863',NULL)
COMMIT
INSERT INTO "customer" VALUES('ffa9af2c-0197-4c9b-9865-7d2b2a399a7a',NULL)
COMMIT
INSERT INTO "customer" VALUES('2f0dd78c-40dc-420f-a48b-1b598be48037',NULL)
COMMIT
INSERT INTO "customer" VALUES('657f42b4-770d-4a00-91f2-63308dce8a1d',NULL)
COMMIT
INSERT INTO "customer" VALUES('d2ca28ad-b18b-4e4d-a631-a7604bc01f35',NULL)
COMMIT
INSERT INTO "customer" VALUES('d8f57853-6719-47e3-b035-b4020df694d4',NULL)
COMMIT
INSERT INTO "customer" VALUES('3190cb15-4c7c-47e9-99b5-7d7e617c6a54',NULL)
COMMIT
INSERT INTO "customer" VALUES('c9491779-89e4-4b7c-a293-cad37d1eec15',NULL)
COMMIT
INSERT INTO "customer" VALUES('3745fe6d-be65-4347-a62f-cd93845f54d4',NULL)
COMMIT
INSERT INTO "customer" VALUES('9648d6bb-9d67-43aa-90fa-9b3e61e7583f',NULL)
COMMIT
INSERT INTO "customer" VALUES('7a7dd346-8123-45cc-8bba-36765da92f3e',NULL)
COMMIT
INSERT INTO "customer" VALUES('58633f0e-bdf0-4e75-85cc-29776443f861',NULL)
COMMIT
INSERT INTO "customer" VALUES('038b5d49-fb14-443c-9845-47e4f65aaf85',NULL)
COMMIT
INSERT INTO "customer" VALUES('081b5023-9d91-4de9-85e8-625fd8b6b6f9',NULL)
COMMIT
INSERT INTO "customer" VALUES('2399b152-6087-4e35-97b0-08339f13e8f0',NULL)
COMMIT
INSERT INTO "customer" VALUES('b1285382-42c5-46a4-b0f5-110e8500d2a5',NULL)
COMMIT
INSERT INTO "customer" VALUES('c905e6d4-818e-49c0-a9a9-5fd8b0f124a4',NULL)
COMMIT
INSERT INTO "customer" VALUES('977c4606-8b87-4c55-9c38-0f237e06137e',NULL)
COMMIT
INSERT INTO "customer" VALUES('59bd8999-ee65-4f31-8587-587c789a2f4b',NULL)
COMMIT
INSERT INTO "customer" VALUES('d53410f3-e9f7-4311-8fa9-12fbc55cbd9e',NULL)
COMMIT
INSERT INTO "customer" VALUES('39ec1f53-cf09-4c3d-b486-9c8a35513006',NULL)
COMMIT
INSERT INTO "customer" VALUES('77b007d2-f45b-4d87-b5dc-1d9b433c0818',NULL)
COMMIT
INSERT INTO "customer" VALUES('23194260-da9d-4cba-b304-1fd5b926c008',NULL)
COMMIT
INSERT INTO "customer" VALUES('c6b29993-bb93-4fa1-80cf-a995ae7d5918',NULL)
COMMIT
INSERT INTO "customer" VALUES('27bbd27e-cb8e-4cac-a9ee-ac7f2c68689e',NULL)
COMMIT
INSERT INTO "customer" VALUES('d60592aa-cdfa-4937-9861-1734e50272cc',NULL)
COMMIT
INSERT INTO "customer" VALUES('63245321-b8f6-48a6-8196-96d22bef9e35',NULL)
COMMIT
INSERT INTO "customer" VALUES('6e6ab290-9022-480a-964c-deb2658ee09f',NULL)
COMMIT
INSERT INTO "customer" VALUES('c2b54e52-8396-4a6a-a4a4-3c980f5ffaec',NULL)
COMMIT
INSERT INTO "customer" VALUES('43a7c14f-6473-430d-b4fd-a59046d94355',NULL)
COMMIT
INSERT INTO "customer" VALUES('4b7c254c-7703-4a2e-897e-da466c9626b4',NULL)
COMMIT
INSERT INTO "customer" VALUES('85c096d6-0691-493b-b8e6-23a25236fc12',NULL)
COMMIT
INSERT INTO "customer" VALUES('ab431361-559a-46cb-b40c-1d3f2a26e428',NULL)
COMMIT
INSERT INTO "customer" VALUES('a0961aea-e8c2-4a68-a764-3916b7847329',NULL)
COMMIT
INSERT INTO "customer" VALUES('e38a7fd0-670c-47c3-81d0-11e51403cdf8',NULL)
COMMIT
INSERT INTO "customer" VALUES('dad1ff94-01ac-406d-9d8a-73f8665e758b',NULL)
COMMIT
INSERT INTO "customer" VALUES('2b57e159-3dd1-4872-b177-a53bccfd0afc',NULL)
COMMIT
INSERT INTO "customer" VALUES('5e117bea-379b-496b-a307-34039e5db77c',NULL)
COMMIT
INSERT INTO "customer" VALUES('8aaedbb5-7346-4583-860c-c07594e6141e',NULL)
COMMIT
INSERT INTO "customer" VALUES('70e1ca0f-1fef-4ac7-81e9-887a29a880fe',NULL)
COMMIT
INSERT INTO "customer" VALUES('a47ae043-1c39-4591-a09c-5532d1465270',NULL)
COMMIT
INSERT INTO "customer" VALUES('3cb2dff5-93cd-44ce-a2fa-6465a9a3096c',NULL)
COMMIT
INSERT INTO "customer" VALUES('6d6f3058-f7c9-4710-81c2-fe71beb26a31',NULL)
COMMIT
INSERT INTO "customer" VALUES('b161849a-a42d-4f65-9233-dd6a5455d3af',NULL)
COMMIT
INSERT INTO "customer" VALUES('14a892e5-ce2d-4ca7-854b-a53059d21d86',NULL)
COMMIT
INSERT INTO "customer" VALUES('0f449f8d-0b9c-4b0d-abf5-68c1ece10465',NULL)
COMMIT
INSERT INTO "customer" VALUES('ae3d2d67-1d27-40ac-8e63-bebc9fb3a83b',NULL)
COMMIT
INSERT INTO "customer" VALUES('97ed4f45-b8fa-4385-bf2c-2faf0eb2a682',NULL)
COMMIT
INSERT INTO "customer" VALUES('86fec284-9eaa-4571-a9eb-f88e201e1a05',NULL)
COMMIT
INSERT INTO "customer" VALUES('72221a60-31fc-4262-871f-fd9af6c4ebad',NULL)
COMMIT
INSERT INTO "customer" VALUES('6e6fe027-75f5-493d-8fa6-6b568a0986e9',NULL)
COMMIT
INSERT INTO "customer" VALUES('cac827c3-5a43-46ed-8f32-e57e3dea7f84',NULL)
COMMIT
INSERT INTO "customer" VALUES('2b3f5625-5167-4cb3-81a1-d96b1db84ed2',NULL)
COMMIT
INSERT INTO "customer" VALUES('4b9648a1-b2a0-4e24-8301-90c2f7e3237b',NULL)
COMMIT
INSERT INTO "customer" VALUES('a8a3bff7-9cdf-4fe0-bf6f-9182aa84207a',NULL)
COMMIT
INSERT INTO "customer" VALUES('73ecc6cf-14dc-416c-8d55-e8298a968091',NULL)
COMMIT
INSERT INTO "customer" VALUES('fc1df51d-c167-4b65-a5b4-768db6dd406d',NULL)
COMMIT
INSERT INTO "customer" VALUES('11409f01-01f3-40b7-99ee-50774add7dac',NULL)
COMMIT
INSERT INTO "customer" VALUES('11fe3204-f520-4c5f-ad09-e742edfaa7f0',NULL)
COMMIT
INSERT INTO "customer" VALUES('6fc0ecb7-a103-41fa-8e19-7b0847cc361a',NULL)
COMMIT
INSERT INTO "customer" VALUES('9b494120-93d4-4dcd-8fe9-9efafb455609',NULL)
COMMIT
INSERT INTO "customer" VALUES('7d2f8f07-a576-4fba-8ca7-3e1fe3db00b1',NULL)
COMMIT
INSERT INTO "customer" VALUES('d9ba8f1c-7bdd-4c45-8c48-5eb91133d06f',NULL)
COMMIT
INSERT INTO "customer" VALUES('fc3db3e3-b653-4392-b11a-6b24228470dc',NULL)
COMMIT
INSERT INTO "customer" VALUES('f8fd8ddf-5b8a-4272-a0ef-15dc57b0f5ac',NULL)
COMMIT
INSERT INTO "customer" VALUES('10770121-3d0e-4c7e-9840-e38136a5b262',NULL)
COMMIT
INSERT INTO "customer" VALUES('45c62dff-088f-4937-b995-2611e523e307',NULL)
COMMIT
INSERT INTO "customer" VALUES('d9741127-0939-4e53-977c-fe5e564e22c0',NULL)
COMMIT
INSERT INTO "customer" VALUES('6fbcf5e4-08f7-44c7-b895-0224f6f882f7',NULL)
COMMIT
INSERT INTO "customer" VALUES('231bf816-4fcf-49e2-ae92-74e60a2650c1',NULL)
COMMIT
INSERT INTO "customer" VALUES('ee0d9f8e-343f-4b61-9dc3-d68d2bd3ba26',NULL)
COMMIT
INSERT INTO "customer" VALUES('b5175fc1-3e9b-4885-8f00-5f56af5d1ac6',NULL)
COMMIT
INSERT INTO "customer" VALUES('46811d3d-efac-4da3-a916-14a815f3433a',NULL)
COMMIT
INSERT INTO "customer" VALUES('d4e13763-ec41-42ec-8fc1-aa02ad541fbf',NULL)
COMMIT
INSERT INTO "customer" VALUES('fa07de8f-3d5f-41ed-bca8-48d1d565333e',NULL)
COMMIT
INSERT INTO "customer" VALUES('201ce3e4-addc-4667-9a26-911e5079186f',NULL)
COMMIT
INSERT INTO "customer" VALUES('1640b701-d3b8-40ee-964f-0c352e5a5e16',NULL)
COMMIT
INSERT INTO "customer" VALUES('dd36d569-fd1b-4a50-a11e-c47830e2d416',NULL)
COMMIT
INSERT INTO "customer" VALUES('21f77270-7acc-44ac-933a-dc9a33891b2a',NULL)
COMMIT
INSERT INTO "customer" VALUES('fd36da8d-735a-4617-b94c-fe288e8c0e90',NULL)
COMMIT
INSERT INTO "customer" VALUES('520c3842-77c2-4994-b4ea-e3a94292a230',NULL)
COMMIT
INSERT INTO "customer" VALUES('c5853941-6ec5-41b7-b394-6b6a0aabd121',NULL)
COMMIT
INSERT INTO "customer" VALUES('b2c7ef98-a115-41af-b7d6-387a4d655030',NULL)
COMMIT
INSERT INTO "customer" VALUES('c8f44122-ce98-4c10-bcf3-5f9c84def29f',NULL)
COMMIT
INSERT INTO "customer" VALUES('75e06d62-d1e2-472f-ac51-704e61b9c3b1',NULL)
COMMIT
INSERT INTO "customer" VALUES('5c4e29e6-4dbd-4683-8c5b-970d3c4b0a33',NULL)
COMMIT
INSERT INTO "customer" VALUES('042559a5-56c7-47c2-9c78-823ae8375487',NULL)
COMMIT
INSERT INTO "customer" VALUES('d8613ad8-7426-4bba-b940-1092e9fc3084',NULL)
COMMIT
INSERT INTO "customer" VALUES('06088dd5-f45b-4b99-880a-2c04207da7fc',NULL)
COMMIT
INSERT INTO "customer" VALUES('b6b9559f-90ad-4728-be68-8649d78186bb',NULL)
COMMIT
INSERT INTO "customer" VALUES('f47fd493-350a-41be-bf47-ded7043ee43b',NULL)
COMMIT
INSERT INTO "customer" VALUES('800d0a9a-6cab-4050-ae0a-4fafe004eb52',NULL)
COMMIT
INSERT INTO "customer" VALUES('0230e1ee-13be-4137-90c5-e230c3638b65',NULL)
COMMIT
INSERT INTO "customer" VALUES('4e7f51bb-6991-47ee-ac42-279ca303ca70',NULL)
COMMIT
INSERT INTO "customer" VALUES('fcf14cc0-5a44-42d0-a182-16062a2352a2',NULL)
COMMIT
INSERT INTO "customer" VALUES('d546a7d5-1222-43b1-8710-f322c27a38c4',NULL)
COMMIT
INSERT INTO "customer" VALUES('cd81f985-c61f-427c-9307-ab7ad4ca24bd',NULL)
COMMIT
INSERT INTO "customer" VALUES('96cd4631-a4c3-46b5-9964-d32fcaa0616d',NULL)
COMMIT
INSERT INTO "customer" VALUES('92cd58da-4736-4f9a-85d1-dbc9935e9c73',NULL)
COMMIT
INSERT INTO "customer" VALUES('54cf0449-a60e-423c-b87a-476e9b3b2697',NULL)
COMMIT
INSERT INTO "customer" VALUES('8c4f2d2f-ce39-4c97-a788-5937a2d380d5',NULL)
COMMIT
INSERT INTO "customer" VALUES('e8c02e05-4f0d-489e-a40e-0d1c2def3f66',NULL)
COMMIT
INSERT INTO "customer" VALUES('ada3fca1-01ce-4d80-a189-00706830a295',NULL)
COMMIT
INSERT INTO "customer" VALUES('99be54a8-a60e-4fba-92e6-7af629368127',NULL)
COMMIT
INSERT INTO "customer" VALUES('d5e51119-e2c5-401e-8c0d-773714a2690d',NULL)
COMMIT
INSERT INTO "customer" VALUES('5f34a9b2-af88-44a2-8a53-16fba737b44a',NULL)
COMMIT
INSERT INTO "customer" VALUES('11b5a71e-2aa0-417c-8c1a-6e9f83bfab0f',NULL)
COMMIT
INSERT INTO "customer" VALUES('81c102a4-1cec-45ad-8a99-0eb974b47a88',NULL)
COMMIT
INSERT INTO "customer" VALUES('a0cbab04-fd06-42bc-9bc8-fd89d37abcf3',NULL)
COMMIT
INSERT INTO "customer" VALUES('b468938f-87f3-47af-9922-4c046f1697b0',NULL)
COMMIT
INSERT INTO "customer" VALUES('12570990-019f-4f5d-a043-79100640d949',NULL)
COMMIT
INSERT INTO "customer" VALUES('0452f102-cf6a-4611-aa9b-d7717bc78fd1',NULL)
COMMIT
INSERT INTO "customer" VALUES('f07867e3-8662-4200-b800-4e41e7378d89',NULL)
COMMIT
INSERT INTO "customer" VALUES('9a058a8e-4053-4099-ab90-8db46ef407d1',NULL)
COMMIT
INSERT INTO "customer" VALUES('49ca71bc-c1ef-4a97-94ef-87b906ba0725',NULL)
COMMIT
INSERT INTO "customer" VALUES('ab666a47-f33b-4713-8531-c2214e1ba133',NULL)
COMMIT
INSERT INTO "customer" VALUES('36434920-17a8-41c3-bac2-1e1cbc11b28e',NULL)
COMMIT
INSERT INTO "customer" VALUES('3eb01501-947d-4305-9ac4-e1ee175ba200',NULL)
COMMIT
INSERT INTO "customer" VALUES('3dfc6bfa-12a5-4b2e-83bf-c60364d4f4cb',NULL)
COMMIT
INSERT INTO "customer" VALUES('c9b9f4a8-cc4b-422f-9ad6-9ce1a079b83f',NULL)
COMMIT
INSERT INTO "customer" VALUES('4a159780-dcc7-4f67-9035-d467007ee61b',NULL)
COMMIT
INSERT INTO "customer" VALUES('49806b45-cdce-4479-87e5-acc6267bd0f8',NULL)
COMMIT
INSERT INTO "customer" VALUES('112dca55-8b05-4d7f-8170-48eacd7396f4',NULL)
COMMIT
INSERT INTO "customer" VALUES('c4accc73-c36e-4b3e-862a-d0761dd5f5dd',NULL)
COMMIT
INSERT INTO "customer" VALUES('41fe09ae-b4dc-417e-88c3-52ab3704404b',NULL)
COMMIT
INSERT INTO "customer" VALUES('c8d98916-9b59-4b72-8d5b-72702d5923a2',NULL)
COMMIT
INSERT INTO "customer" VALUES('5bcc60ce-20ed-46af-8f1f-972a3a7a952b',NULL)
COMMIT
INSERT INTO "customer" VALUES('834e141b-cd66-4657-bcb1-30971ca33b03',NULL)
COMMIT
INSERT INTO "customer" VALUES('8a1911c7-c18e-45ba-b0c8-f5f6027a3690',NULL)
COMMIT
INSERT INTO "customer" VALUES('31812dba-d0d2-4f72-8de7-6d2e99f0b786',NULL)
COMMIT
INSERT INTO "customer" VALUES('9bd423ae-d427-4850-8989-6a67ca2cb627',NULL)
COMMIT
INSERT INTO "customer" VALUES('ced34f6f-a051-40f3-a591-e84f8b421767',NULL)
COMMIT
INSERT INTO "customer" VALUES('7e8a8d9b-c608-4e73-9c8f-0cc98d824c38',NULL)
COMMIT
INSERT INTO "customer" VALUES('eed2da69-9fd6-409d-8044-79d27626dfff',NULL)
COMMIT
INSERT INTO "customer" VALUES('7ce610ba-33a5-4ec5-a0a9-54bbe5de390b',NULL)
COMMIT
INSERT INTO "customer" VALUES('3c24d6ac-a705-4799-8255-1e6b43aa3c22',NULL)
COMMIT
INSERT INTO "customer" VALUES('95d68525-ee82-400c-a915-6c1e4ad1a65b',NULL)
COMMIT
INSERT INTO "customer" VALUES('c20c3684-d80e-4e3d-86ef-4f91fa66281e',NULL)
COMMIT
INSERT INTO "customer" VALUES('ac52dc0a-abba-434d-b406-56ac25bb1565',NULL)
COMMIT
INSERT INTO "customer" VALUES('172393f4-2b05-4a82-99f0-7e47957a60c1',NULL)
COMMIT
INSERT INTO "customer" VALUES('e0585de3-042d-416e-963c-3e648af64d76',NULL)
COMMIT
INSERT INTO "customer" VALUES('d2ed8b46-47d3-46d7-812e-3501098b0541',NULL)
COMMIT
INSERT INTO "customer" VALUES('08b8438e-bdb2-40c7-8b3b-cee81010ce32',NULL)
COMMIT
INSERT INTO "customer" VALUES('25ec6839-d8db-4f27-b3bf-6043e08567b2',NULL)
COMMIT
INSERT INTO "customer" VALUES('3eae0b76-5156-4e4e-bf7e-231cf8aa0472',NULL)
COMMIT
INSERT INTO "customer" VALUES('bfc786de-afcf-4eb5-9d9b-b3723d5ddbae',NULL)
COMMIT
INSERT INTO "customer" VALUES('9a42d608-90b1-471f-870d-786715437c23',NULL)
COMMIT
INSERT INTO "customer" VALUES('2035fbd4-1bcc-4338-80e7-373c2b3387d4',NULL)
COMMIT
INSERT INTO "customer" VALUES('d6b4baab-9503-4c52-9823-ebb42584bb9c',NULL)
COMMIT
INSERT INTO "customer" VALUES('97e4e469-d8a7-4f5a-be6d-7a1ec12fd95c',NULL)
COMMIT
INSERT INTO "customer" VALUES('4673a260-d990-45b8-af70-882251caa859',NULL)
COMMIT
INSERT INTO "customer" VALUES('aa363c3d-273d-4ed3-84c1-caa8acd9de2b',NULL)
COMMIT
INSERT INTO "customer" VALUES('a29f54aa-6af7-4f02-9a14-7ca0d8c77290',NULL)
COMMIT
INSERT INTO "customer" VALUES('22f94a0f-51df-4060-b950-c96940c9298a',NULL)
COMMIT
INSERT INTO "customer" VALUES('191d1b0d-7a36-4ff1-866c-b046265a662b',NULL)
COMMIT
INSERT INTO "customer" VALUES('22328635-690e-4920-8251-b7dd764cfdc0',NULL)
COMMIT
INSERT INTO "customer" VALUES('88a3e67d-b85b-46c6-93a2-360f788d561c',NULL)
COMMIT
INSERT INTO "customer" VALUES('21e43bcb-b2dd-489c-891f-aad52919f345',NULL)
COMMIT
INSERT INTO "customer" VALUES('559c70d4-5a81-4e38-833c-4bc1b4c36962',NULL)
COMMIT
INSERT INTO "customer" VALUES('ff2a545f-614d-4035-a9dc-a86181f27780',NULL)
COMMIT
INSERT INTO "customer" VALUES('b1a45659-a3e5-4cd9-9cb2-7b0ad9caca1f',NULL)
COMMIT
INSERT INTO "customer" VALUES('3116a5b4-546b-497d-a5c0-e4a26f76aedd',NULL)
COMMIT
INSERT INTO "customer" VALUES('cc43df41-b4c5-4678-88ee-5ffb5d64ba14',NULL)
COMMIT
INSERT INTO "customer" VALUES('93020101-b62b-4b07-a27f-5c024c640dca',NULL)
COMMIT
INSERT INTO "customer" VALUES('02219569-01ee-41cb-b675-86808810dfa7',NULL)
COMMIT
INSERT INTO "customer" VALUES('0b6b0730-bb11-4a21-85b6-5f25cdf3894a',NULL)
COMMIT
INSERT INTO "customer" VALUES('6f1757f1-ed0d-4362-819d-0df834abecd9',NULL)
COMMIT
INSERT INTO "customer" VALUES('64550f01-0590-48b5-92a5-2b6cfb2332ac',NULL)
COMMIT
INSERT INTO "customer" VALUES('cf5d0909-3bfd-4b84-aacd-a09389108132',NULL)
COMMIT
INSERT INTO "customer" VALUES('cc5e421a-4a8c-44da-814b-2b92b59162d8',NULL)
COMMIT
INSERT INTO "customer" VALUES('acfe840c-9697-460e-b765-bfff08731238',NULL)
COMMIT
INSERT INTO "customer" VALUES('d89e1e8e-5efe-4a90-b8ae-0a58e3cd284c',NULL)
COMMIT
INSERT INTO "customer" VALUES('592767d7-d282-42b1-91a8-3825e96e7bf5',NULL)
COMMIT
INSERT INTO "customer" VALUES('035db9f4-7156-4f2f-8762-bed6f03cc224',NULL)
COMMIT
INSERT INTO "customer" VALUES('53a17dce-f7e7-4693-ad8a-5535ca029cfe',NULL)
COMMIT
INSERT INTO "customer" VALUES('80b12795-0686-4a75-adfd-aa3bd65736aa',NULL)
COMMIT
INSERT INTO "customer" VALUES('a271f47f-f6ab-4e6e-8b82-c685f236d158',NULL)
COMMIT
INSERT INTO "customer" VALUES('59f63a39-3f8a-47f2-88f3-4ef20eb659f4',NULL)
COMMIT
INSERT INTO "customer" VALUES('357ae09d-3536-462c-82fe-959b626be6f3',NULL)
COMMIT
INSERT INTO "customer" VALUES('2eea18b0-15f7-4c82-9b3f-115129a35c5e',NULL)
COMMIT
INSERT INTO "customer" VALUES('6552daec-470e-4d71-9f65-5835c5e02a8c',NULL)
COMMIT
INSERT INTO "customer" VALUES('b16c16f4-4293-4fd2-adb4-f559479d577b',NULL)
COMMIT
INSERT INTO "customer" VALUES('d3aee8d5-707b-4a93-80f4-dfd87d75921e',NULL)
COMMIT
INSERT INTO "customer" VALUES('84c5009e-7432-4569-a6be-6b18eb23550d',NULL)
COMMIT
INSERT INTO "customer" VALUES('0dd9d1f5-3fed-4b2a-8800-300dfbc39ea4',NULL)
COMMIT
INSERT INTO "customer" VALUES('2cad3f85-32f4-45d3-94f9-e1d841a42c57',NULL)
COMMIT
INSERT INTO "customer" VALUES('33da1965-4f2b-49ab-a621-742db8bab25d',NULL)
COMMIT
INSERT INTO "customer" VALUES('d10a86fa-5c7f-4ca1-ab23-a1fd33b8cd0a',NULL)
COMMIT
INSERT INTO "customer" VALUES('b44ad574-5569-498c-92df-c80b74987011',NULL)
COMMIT
INSERT INTO "customer" VALUES('3ed0e352-54bf-45ed-920d-f9a7e31721c5',NULL)
COMMIT
INSERT INTO "customer" VALUES('f9aa201c-7187-407d-a94e-8764d28fddfc',NULL)
COMMIT
INSERT INTO "customer" VALUES('905c961e-0791-4f47-bd93-476e3d030ddd',NULL)
COMMIT
INSERT INTO "customer" VALUES('3042d5a1-6118-497f-850b-c02be602fdbc',NULL)
COMMIT
INSERT INTO "customer" VALUES('cfc34a47-e00c-4c53-87c1-27ef00201eb2',NULL)
COMMIT
INSERT INTO "customer" VALUES('14358547-5751-4867-9f83-267fa9eac3eb',NULL)
COMMIT
INSERT INTO "customer" VALUES('e227a90a-9e12-4086-95d4-d9e1d504f243',NULL)
COMMIT
INSERT INTO "customer" VALUES('7c1d1f37-3ace-4b71-b109-b27a8158f1f0',NULL)
COMMIT
INSERT INTO "customer" VALUES('b1845fea-40ad-42fc-8900-82649d10991b',NULL)
COMMIT
INSERT INTO "customer" VALUES('9a05c1e8-b2c6-4cbf-8e53-cafbc00859e6',NULL)
COMMIT
INSERT INTO "customer" VALUES('58c11fd6-ba3c-4e0e-a45f-647f7ac860d5',NULL)
COMMIT
INSERT INTO "customer" VALUES('c734c035-8753-477c-b1a4-f93e9141cc9f',NULL)
COMMIT
INSERT INTO "customer" VALUES('fe49aa69-bafe-4b80-b06d-aa492374e1ea',NULL)
COMMIT
INSERT INTO "customer" VALUES('eeb17ba0-82d0-4eea-a939-9d774e54d5b9',NULL)
COMMIT
INSERT INTO "customer" VALUES('9d39880c-605a-4ae0-bd8f-7d6ffe5156aa',NULL)
COMMIT
INSERT INTO "customer" VALUES('9943b801-3737-43a6-af54-6d9ea2b6cc39',NULL)
COMMIT
INSERT INTO "customer" VALUES('2a93d7eb-ae9b-4a72-a942-aad519fde63a',NULL)
COMMIT
INSERT INTO "customer" VALUES('2f1fab10-9e39-4f21-b808-b02de8b24925',NULL)
COMMIT
INSERT INTO "customer" VALUES('78e43559-f90f-414c-a624-ab05d07c034b',NULL)
COMMIT
INSERT INTO "customer" VALUES('3a0200e8-5513-4bcd-ab2b-0bb0960b20b9',NULL)
COMMIT
INSERT INTO "customer" VALUES('dd37f596-321e-49b5-9d2d-b4e399a36e9e',NULL)
COMMIT
INSERT INTO "customer" VALUES('78470cc5-d30d-45ef-b9dc-264956b4f364',NULL)
COMMIT
INSERT INTO "customer" VALUES('9ffc238d-c052-465b-bd11-8e1c25551e3e',NULL)
COMMIT
INSERT INTO "customer" VALUES('120bb81d-f468-40bb-b330-f1912132a749',NULL)
COMMIT
INSERT INTO "customer" VALUES('50fc53cd-0637-43c5-99f3-e8561d2c5cc0',NULL)
COMMIT
INSERT INTO "customer" VALUES('e79fd93d-d9c9-413f-aeb2-baacdf4000ba',NULL)
COMMIT
INSERT INTO "customer" VALUES('a9663c6e-41b0-4c45-b9bf-47e4a38175ce',NULL)
COMMIT
INSERT INTO "customer" VALUES('316bd2b7-549a-4aed-8b9e-c829a3c1b30b',NULL)
COMMIT
INSERT INTO "customer" VALUES('a0bcb928-4360-4bae-bc8f-2c196bcd89cf',NULL)
COMMIT
INSERT INTO "customer" VALUES('a0640f0c-f255-4f9f-8b77-88cba7ae9601',NULL)
COMMIT
INSERT INTO "customer" VALUES('b135f3b1-dc00-48dc-889c-7749cfbfc48e',NULL)
COMMIT
INSERT INTO "customer" VALUES('dc83cae0-abb8-4bc5-9132-63891b0b0ae7',NULL)
COMMIT
INSERT INTO "customer" VALUES('8cb851c1-43f2-405f-8a1a-57484093bfe9',NULL)
COMMIT
INSERT INTO "customer" VALUES('74d78789-dd32-4538-bcd6-10c2a972eb60',NULL)
COMMIT
INSERT INTO "customer" VALUES('08527cf0-5181-41e9-b8c0-42101cd59ffe',NULL)
COMMIT
INSERT INTO "customer" VALUES('70dc7ca5-d5e4-4b15-a10e-281d95aa63c6',NULL)
COMMIT
INSERT INTO "customer" VALUES('26c0b4f8-f397-415d-a8ee-06f6406dc2dd',NULL)
COMMIT
INSERT INTO "customer" VALUES('b3d54f0d-856c-4a45-9866-e9f56d7bd3b6',NULL)
COMMIT
INSERT INTO "customer" VALUES('45db8ed5-e593-4877-b504-df17c896ab3b',NULL)
COMMIT
INSERT INTO "customer" VALUES('772fc071-3d9f-47c6-9b46-80d05c59e337',NULL)
COMMIT
INSERT INTO "customer" VALUES('d7e84d2c-46e4-4e1a-944b-25784381b55b',NULL)
COMMIT
INSERT INTO "customer" VALUES('a2a1d611-c1dc-46f6-86de-c728bbd317cf',NULL)
COMMIT
INSERT INTO "customer" VALUES('2efe2c76-26af-4f38-baae-551cd0ed6f98',NULL)
COMMIT
INSERT INTO "customer" VALUES('a3603bea-fec6-45ea-8956-54e841fa2e5c',NULL)
COMMIT
INSERT INTO "customer" VALUES('c5ad7b3d-9bc4-4d6a-91ba-501e9a436503',NULL)
COMMIT
INSERT INTO "customer" VALUES('401e9230-ab70-401c-8d14-d70182c19153',NULL)
COMMIT
INSERT INTO "customer" VALUES('3d808ab7-38dc-4450-924e-126667d076bc',NULL)
COMMIT
INSERT INTO "customer" VALUES('8c5e9812-ce58-4e40-9fda-1baebb2652b5',NULL)
COMMIT
INSERT INTO "customer" VALUES('0aa5ce7b-6b2e-4cf4-afb3-8e67a2d1b7f8',NULL)
COMMIT
INSERT INTO "customer" VALUES('b773bebb-c967-4165-9071-6cf67500da27',NULL)
COMMIT
INSERT INTO "customer" VALUES('07ed7748-a79c-4cdb-af64-bfacc06b6bfc',NULL)
COMMIT
INSERT INTO "customer" VALUES('cea75177-ec79-4e40-bc5f-c104867128ed',NULL)
COMMIT
INSERT INTO "customer" VALUES('364bade0-fa5a-463d-af4a-c2fcc344380f',NULL)
COMMIT
INSERT INTO "customer" VALUES('fa8b6706-e001-417c-8c17-d6a7406b86fb',NULL)
COMMIT
INSERT INTO "customer" VALUES('03125e66-a7d9-4f5a-b8c2-9665e6736700',NULL)
COMMIT
INSERT INTO "customer" VALUES('ead4635f-e0d2-4263-bce9-f7c5d30181e6',NULL)
COMMIT
INSERT INTO "customer" VALUES('f41579fb-af02-4d68-96cb-c70f74021d97',NULL)
COMMIT
INSERT INTO "customer" VALUES('904fdf1f-3005-42e5-8652-5b0aa4de5dc4',NULL)
COMMIT
INSERT INTO "customer" VALUES('b54f6de7-fa2f-46c4-9ce8-a19d244259cd',NULL)
COMMIT
INSERT INTO "customer" VALUES('b4a7ab26-36cb-457a-9e02-12c320ccf7f5',NULL)
COMMIT
INSERT INTO "customer" VALUES('5f7813ec-9f0d-4ebb-89fb-8fe0dc73421f',NULL)
COMMIT
INSERT INTO "customer" VALUES('64cdd400-3086-497d-a76f-92b64f692a9c',NULL)
COMMIT
INSERT INTO "customer" VALUES('c857c2bb-dc63-46da-a4f7-85a950d85f3b',NULL)
COMMIT
INSERT INTO "customer" VALUES('480b0e01-123a-492b-a316-5f28f18f5c7e',NULL)
COMMIT
INSERT INTO "customer" VALUES('6354c59d-aba0-4943-aacc-ade8d41a2fc7',NULL)
COMMIT
INSERT INTO "customer" VALUES('97a7914e-8602-45d1-af27-d2f41269a8e0',NULL)
COMMIT
INSERT INTO "customer" VALUES('cd0c917f-e70f-4894-958c-1ef4a58a7559',NULL)
COMMIT
INSERT INTO "customer" VALUES('227afe54-531d-4996-8acc-70cec8efcf02',NULL)
COMMIT
INSERT INTO "customer" VALUES('3dce3fa7-0d8d-4af3-83a2-0b9ef22b4253',NULL)
COMMIT
INSERT INTO "customer" VALUES('b9c01e7f-1d85-4d93-a607-e0b4f9718e87',NULL)
COMMIT
INSERT INTO "customer" VALUES('e7693ce7-4fd7-4dc4-ab2d-e72225b666ab',NULL)
COMMIT
INSERT INTO "customer" VALUES('e2f44645-ba65-408b-8a4b-a9d340e5776a',NULL)
COMMIT
INSERT INTO "customer" VALUES('6f2bbc02-ec08-46b2-a3ba-a556ef7aa94e',NULL)
COMMIT
INSERT INTO "customer" VALUES('98c2bdeb-d0d4-40f6-b027-948eedf69230',NULL)
COMMIT
INSERT INTO "customer" VALUES('a8953dcf-478c-4d43-96f0-7cc3b4caafd4',NULL)
COMMIT
INSERT INTO "customer" VALUES('b233ddc2-d280-4dd2-a2dc-db3260347a29',NULL)
COMMIT
INSERT INTO "customer" VALUES('c332d1cb-c81c-4610-b3b9-8f6df60f4afb',NULL)
COMMIT
INSERT INTO "customer" VALUES('c600ad7c-aa45-49a8-ab09-7431826ae3aa',NULL)
COMMIT
INSERT INTO "customer" VALUES('2e0cc787-177b-41cc-8792-9537eaeda384',NULL)
COMMIT
INSERT INTO "customer" VALUES('50a3d44c-6399-4dbf-956e-4f2d9c955847',NULL)
COMMIT
INSERT INTO "customer" VALUES('512f2aec-fe0c-44c0-b395-c69489facd6f',NULL)
COMMIT
INSERT INTO "customer" VALUES('9a6a6aea-2168-4f6d-bd7a-bffc1da2e3c1',NULL)
COMMIT
INSERT INTO "customer" VALUES('0d446c90-8873-4fe2-87bc-a90ea0584994',NULL)
COMMIT
INSERT INTO "customer" VALUES('a08115ce-64c7-40fa-bde6-b6d1555c7159',NULL)
COMMIT
INSERT INTO "customer" VALUES('ed626e4c-7348-4af5-a974-d595273c8167',NULL)
COMMIT
INSERT INTO "customer" VALUES('d5f06f5e-398e-47da-9623-c25a3aba29b4',NULL)
COMMIT
INSERT INTO "customer" VALUES('7f673c6f-6e3a-4d78-919f-b260ef183989',NULL)
COMMIT
INSERT INTO "customer" VALUES('47e12648-6f4a-49f2-a87e-ced7f955b909',NULL)
COMMIT
INSERT INTO "customer" VALUES('ebdbace8-8dd1-4266-9325-d29828a9e50d',NULL)
COMMIT
INSERT INTO "customer" VALUES('7630df44-4fab-42ca-bd03-e1f9c75ae4cf',NULL)
COMMIT
INSERT INTO "customer" VALUES('5320b493-dd9d-459d-9492-e81f365eaeaa',NULL)
COMMIT
INSERT INTO "customer" VALUES('c9eeb525-4005-457c-8c53-04f61ef9cef9',NULL)
COMMIT
INSERT INTO "customer" VALUES('6b2123e3-02d2-47e2-bb95-2a17ef2c65b6',NULL)
COMMIT
INSERT INTO "customer" VALUES('ee0d7d54-a772-424d-a9b7-258f8cc1c8ba',NULL)
COMMIT
INSERT INTO "customer" VALUES('92a42283-41ec-4c6a-a4bf-f0f7a8fdff31',NULL)
COMMIT
INSERT INTO "customer" VALUES('03c21930-3094-45c9-ac72-11166b6617a9',NULL)
COMMIT
INSERT INTO "customer" VALUES('979d0ddb-9bb8-4471-81a9-ecc7a0835aa2',NULL)
COMMIT
INSERT INTO "customer" VALUES('54a681ae-e321-41d7-b463-daaaca718681',NULL)
COMMIT
INSERT INTO "customer" VALUES('c5103351-b1be-424a-82a8-82c555b14a9a',NULL)
COMMIT
INSERT INTO "customer" VALUES('403dcebe-fb7a-472e-8065-d58bc5f86105',NULL)
COMMIT
INSERT INTO "customer" VALUES('5f8b5bd1-84c2-4121-9389-e1e1c8d46a88',NULL)
COMMIT
INSERT INTO "customer" VALUES('d3c29e98-0898-49fb-a2ee-c7e7f4f14d74',NULL)
COMMIT
INSERT INTO "customer" VALUES('f01904e1-e0ee-4d32-8d67-9a01ec968c02',NULL)
COMMIT
INSERT INTO "customer" VALUES('12c52f44-18ef-46af-a75c-d3f85f8084a4',NULL)
COMMIT
INSERT INTO "customer" VALUES('596c0158-e0b0-4a7e-902f-a070318b0509',NULL)
COMMIT
INSERT INTO "customer" VALUES('ce77a613-9d28-4b5f-94fe-6b3f659bda0c',NULL)
COMMIT
INSERT INTO "customer" VALUES('9e0dda86-669e-4605-95e3-d90ba4b15869',NULL)
COMMIT
INSERT INTO "customer" VALUES('1ed4f8dd-a5bc-4209-9988-2d1f192c2ddd',NULL)
COMMIT
INSERT INTO "customer" VALUES('0c16c9a3-210e-4487-aee9-c8579611bb21',NULL)
COMMIT
INSERT INTO "customer" VALUES('19513b8d-ee21-41bc-8058-d9b714f69f0f',NULL)
COMMIT
INSERT INTO "customer" VALUES('f978f26e-35a4-4df8-9715-0f757dcc6b07',NULL)
COMMIT
INSERT INTO "customer" VALUES('d48e3e56-3d4b-4100-a1a7-ad3cb4997d5c',NULL)
COMMIT
INSERT INTO "customer" VALUES('24fc86bb-242e-4448-ab3a-e419daf7b43b',NULL)
COMMIT
INSERT INTO "customer" VALUES('c22c6f95-b4ed-44c3-b37c-750add8c4051',NULL)
COMMIT
INSERT INTO "customer" VALUES('af14e1cd-6b06-4f92-87d5-b37329b86636',NULL)
COMMIT
INSERT INTO "customer" VALUES('4283825d-fdfa-4e9b-8c4d-ed76b266b62b',NULL)
COMMIT
INSERT INTO "customer" VALUES('be3129d5-0bbe-4794-a019-3a2cdcf52855',NULL)
COMMIT
INSERT INTO "customer" VALUES('efa6788e-9a6c-4d91-916a-ab4bbc49187c',NULL)
COMMIT
INSERT INTO "customer" VALUES('e1ea209a-8657-4d55-8729-61de4f15b2d7',NULL)
COMMIT
INSERT INTO "customer" VALUES('6ac4d0ee-028a-4a20-9a83-45a46bd9f6b0',NULL)
COMMIT
INSERT INTO "customer" VALUES('a951fd61-1d8b-4481-aaea-5e23cf4b94b4',NULL)
COMMIT
INSERT INTO "customer" VALUES('b27952c8-038c-4406-a6da-5375192e39e5',NULL)
COMMIT
INSERT INTO "customer" VALUES('b76936b0-9601-4d7e-ae8c-09e203e8fe5c',NULL)
COMMIT
INSERT INTO "customer" VALUES('aa9739a5-f5c3-438b-ac96-e283240bc70d',NULL)
COMMIT
INSERT INTO "customer" VALUES('bf37f4a0-9472-4782-85c2-b5588ba4b4d1',NULL)
COMMIT
INSERT INTO "customer" VALUES('51106422-fdfe-4538-89b9-bde38e4b718e',NULL)
COMMIT
INSERT INTO "customer" VALUES('8efba143-a52d-4960-9561-4473fa97c1a4',NULL)
COMMIT
INSERT INTO "customer" VALUES('30f6c5ab-9033-469a-bf97-b55732c9d9de',NULL)
COMMIT
INSERT INTO "customer" VALUES('f90973df-ea3b-4805-b052-38f1a8588db1',NULL)
COMMIT
INSERT INTO "customer" VALUES('d4c9d1ae-7693-4ad1-a615-164657bd78a6',NULL)
COMMIT
INSERT INTO "customer" VALUES('1f500396-05d2-4a82-87ed-47916bb390f0',NULL)
COMMIT
INSERT INTO "customer" VALUES('33b5a17f-b93f-41a9-b724-6e5996b62ae5',NULL)
COMMIT
INSERT INTO "customer" VALUES('62d0cb02-b385-4db9-a223-76bc6fe25446',NULL)
COMMIT
INSERT INTO "customer" VALUES('dae6d732-93f5-4951-bde0-2a7c29a4c2c7',NULL)
COMMIT
INSERT INTO "customer" VALUES('35df8de2-83b9-4091-9bbe-9098d1008a5a',NULL)
COMMIT
INSERT INTO "customer" VALUES('55df47b0-1709-4893-a3bb-196cb6d78dd4',NULL)
COMMIT
INSERT INTO "customer" VALUES('a2105704-21d0-4f53-8556-974eefb4e09a',NULL)
COMMIT
INSERT INTO "customer" VALUES('0db77688-2458-4f1d-b67f-da85f3958b82',NULL)
COMMIT
INSERT INTO "customer" VALUES('201f6ce9-92db-41c6-a751-91c7ce86f7d0',NULL)
COMMIT
INSERT INTO "customer" VALUES('5e8a9022-ed46-42a5-8af5-825bf655a99b',NULL)
COMMIT
INSERT INTO "customer" VALUES('d4d8dafe-a043-4820-bf88-2d0fe8a62752',NULL)
COMMIT
INSERT INTO "customer" VALUES('9354b692-77d1-46c3-a651-74332b0cd6c9',NULL)
COMMIT
INSERT INTO "customer" VALUES('f9e13911-8770-42bd-97a2-79fe1ecfe5d4',NULL)
COMMIT
INSERT INTO "customer" VALUES('4a337874-2c1c-4d17-bd55-7fa8abc4114a',NULL)
COMMIT
INSERT INTO "customer" VALUES('073659b5-fda4-4d2d-a520-4ea52b36a9be',NULL)
COMMIT
INSERT INTO "customer" VALUES('d4a1062c-1994-4fc5-8098-a4112b5a2ecb',NULL)
COMMIT
INSERT INTO "customer" VALUES('4569abbe-f48c-490d-afda-cf8e24366310',NULL)
COMMIT
INSERT INTO "customer" VALUES('37836e21-2de8-42e6-b548-a0cf2c14ee78',NULL)
COMMIT
INSERT INTO "customer" VALUES('af20ac0a-6dbe-4ba5-bba0-0e51793c228e',NULL)
COMMIT
INSERT INTO "customer" VALUES('987a1d7f-f321-4b03-a291-633526fb893a',NULL)
COMMIT
INSERT INTO "customer" VALUES('cb7ecbd9-0f04-43c3-b7ab-dd351fb2dd61',NULL)
COMMIT
INSERT INTO "customer" VALUES('5ca04ff6-6c1b-4e8e-b3a5-5a6dcc3ab021',NULL)
COMMIT
INSERT INTO "customer" VALUES('65b33643-7343-4b83-abb2-e968c3a66a82',NULL)
COMMIT
INSERT INTO "customer" VALUES('40c9fb70-b735-48f6-b733-547a475a0bfa',NULL)
COMMIT
INSERT INTO "customer" VALUES('4c0e071c-1fb7-4290-9d6a-fe36c66f0dd7',NULL)
COMMIT
INSERT INTO "customer" VALUES('2e1895a9-a803-4a42-8dbb-9fb33a731355',NULL)
COMMIT
INSERT INTO "customer" VALUES('0ee40f88-fa56-45a0-a089-ab17f17e68e6',NULL)
COMMIT
INSERT INTO "customer" VALUES('eabf4c64-5ad6-4680-aa69-0ca7d9392431',NULL)
COMMIT
INSERT INTO "customer" VALUES('8f9c2e7f-c1f5-41a2-a92e-9abcf455561f',NULL)
COMMIT
INSERT INTO "customer" VALUES('a974b55e-9853-47a1-9e2e-4a077e549530',NULL)
COMMIT
INSERT INTO "customer" VALUES('6482a350-1c69-4a24-93c3-97644b1ddbb2',NULL)
COMMIT
INSERT INTO "customer" VALUES('aed16454-7342-40a2-bad7-1c5a0eb7f517',NULL)
COMMIT
INSERT INTO "customer" VALUES('ce7e904d-b283-434e-9ef1-840f9f955f2c',NULL)
COMMIT
INSERT INTO "customer" VALUES('580fd78e-b22d-40b2-bbcf-077da3eac87c',NULL)
COMMIT
INSERT INTO "customer" VALUES('d692bb3c-73fe-46ba-856f-8bdaec2fc3c4',NULL)
COMMIT
INSERT INTO "customer" VALUES('147e3267-3089-476c-82f5-7bc2ea34ff7c',NULL)
COMMIT
INSERT INTO "customer" VALUES('5859eff7-d510-40d7-9e8d-b758bf0e4f78',NULL)
COMMIT
INSERT INTO "customer" VALUES('705a8642-f809-4567-8b58-5c3395d1aaeb',NULL)
COMMIT
INSERT INTO "customer" VALUES('8ea44d73-db69-4c4e-8610-4f71b8e0f0c5',NULL)
COMMIT
INSERT INTO "customer" VALUES('9168b226-af9f-43d8-88b9-8ae78d6d8644',NULL)
COMMIT
INSERT INTO "customer" VALUES('ed8c8469-d19d-4e85-aa09-b8efedd8c8fa',NULL)
COMMIT
INSERT INTO "customer" VALUES('a979ae22-3d29-4812-8f4f-8df7a955ef9c',NULL)
COMMIT
INSERT INTO "customer" VALUES('1f6650e4-69aa-4166-8045-a53c132a5576',NULL)
COMMIT
INSERT INTO "customer" VALUES('b7a777d9-ee29-4880-ac3c-d8bca4c9f3d8',NULL)
COMMIT
INSERT INTO "customer" VALUES('51d166f1-d1b1-4c5e-bc3a-6061d4b7eff5',NULL)
COMMIT
INSERT INTO "customer" VALUES('662ac3cd-9349-4bd9-9c56-f16bce8aefd9',NULL)
COMMIT
INSERT INTO "customer" VALUES('be4a4e46-c79d-4f5f-b0ab-ae0485e7a9c5',NULL)
COMMIT
INSERT INTO "customer" VALUES('817a9bfc-573e-473b-b2ad-cebb5128dd53',NULL)
COMMIT
INSERT INTO "customer" VALUES('23330add-8990-40dc-bb62-978786dda2f5',NULL)
COMMIT
INSERT INTO "customer" VALUES('daf6e744-ac3a-465a-90d5-3058e84da9f3',NULL)
COMMIT
INSERT INTO "customer" VALUES('142012b7-bea1-4398-873a-749456aacdae',NULL)
COMMIT
INSERT INTO "customer" VALUES('5d0c1097-9565-4b1f-8b60-9a9d3d1548cb',NULL)
COMMIT
INSERT INTO "customer" VALUES('12415460-4ff1-4ff8-a291-2e5c07a1885e',NULL)
COMMIT
INSERT INTO "customer" VALUES('d94c015f-5a80-48c9-9bec-0dadee8677ea',NULL)
COMMIT
INSERT INTO "customer" VALUES('33867ea9-223d-44c2-86ec-0310f39c3c5f',NULL)
COMMIT
INSERT INTO "customer" VALUES('7ea612ac-9094-4ade-a339-f57a1b71a7ef',NULL)
COMMIT
INSERT INTO "customer" VALUES('913fe10b-6815-43a1-99e7-ace00a4da7c1',NULL)
COMMIT
INSERT INTO "customer" VALUES('fd46be89-ba67-4b6f-8c88-04010b87fcec',NULL)
COMMIT
INSERT INTO "customer" VALUES('90aebfc6-b5ab-4754-a8ba-f1051f9a7532',NULL)
COMMIT
INSERT INTO "customer" VALUES('355b480f-498a-4bc6-9a76-5a6ba62b894b',NULL)
COMMIT
INSERT INTO "customer" VALUES('8abaf984-cf50-45fb-9d6c-5ec0fcd4abdc',NULL)
COMMIT
INSERT INTO "customer" VALUES('a382bebb-de51-4dd2-b419-5e08976e9850',NULL)
COMMIT
INSERT INTO "customer" VALUES('7f786428-b832-484a-913d-881bb0d3ac49',NULL)
COMMIT
INSERT INTO "customer" VALUES('6c4a33ca-f837-411a-b7cc-651eddd77bdb',NULL)
COMMIT
INSERT INTO "customer" VALUES('67371a1b-8cf1-4c69-94e5-c2ca8e89110d',NULL)
COMMIT
INSERT INTO "customer" VALUES('c14334b0-9db8-4952-babd-aaec13de05ba',NULL)
COMMIT
INSERT INTO "customer" VALUES('c1b56822-f4cd-4734-b697-104e443fe3c0',NULL)
COMMIT
INSERT INTO "customer" VALUES('1f4b069f-23ef-4e37-bdc3-b59b89e08923',NULL)
COMMIT
INSERT INTO "customer" VALUES('f8654932-2b3c-42e0-8a70-6e0c8d631b9b',NULL)
COMMIT
INSERT INTO "customer" VALUES('998dcf9c-f53c-42e5-8e0f-5e1630893c0c',NULL)
COMMIT
INSERT INTO "customer" VALUES('86d467b2-8d7d-4125-ba43-bf1b4de138e3',NULL)
COMMIT
INSERT INTO "customer" VALUES('2f926984-81a2-4c42-99dc-9821ac86f704',NULL)
COMMIT
INSERT INTO "customer" VALUES('3810f7a0-96dd-4319-8fac-2f79572fc68c',NULL)
COMMIT
INSERT INTO "customer" VALUES('e661a75d-71c5-4aa6-a0c6-c238094fa192',NULL)
COMMIT
INSERT INTO "customer" VALUES('459b7df1-9871-4c95-8a06-f5238ddb6649',NULL)
COMMIT
INSERT INTO "customer" VALUES('3ff7345e-5275-44fd-9722-6632170053b9',NULL)
COMMIT
INSERT INTO "customer" VALUES('293af42d-57b5-47b1-81aa-8657e9c096f7',NULL)
COMMIT
INSERT INTO "customer" VALUES('95709438-fc6b-48b9-a24d-c90ea8a240bf',NULL)
COMMIT
INSERT INTO "customer" VALUES('dae641e7-bc07-4267-ab32-7e7f4563a950',NULL)
COMMIT
INSERT INTO "customer" VALUES('310a056a-ec51-49fd-a1a3-a4bcba72154a',NULL)
COMMIT
INSERT INTO "customer" VALUES('0a6d4d1e-4406-4750-bcaf-4763a6088b6f',NULL)
COMMIT
INSERT INTO "customer" VALUES('1a59be4d-3686-4d51-8973-ed7459cb4651',NULL)
COMMIT
INSERT INTO "customer" VALUES('2fd89407-5557-4e5e-9a6a-2107efa21bc5',NULL)
COMMIT
INSERT INTO "customer" VALUES('9555fed5-24c1-4c45-92cb-ead70cf59c96',NULL)
COMMIT
INSERT INTO "customer" VALUES('4fe1aa80-4e4d-4a07-8a66-b21705a6ef67',NULL)
COMMIT
INSERT INTO "customer" VALUES('9ce594cc-b3dd-4969-bc05-e7945b697170',NULL)
COMMIT
INSERT INTO "customer" VALUES('229e65c7-d3f9-4802-a455-0c8b8555001a',NULL)
COMMIT
INSERT INTO "customer" VALUES('85ca5b8b-7c3c-4319-b0da-b29bfa0bb1ad',NULL)
COMMIT
INSERT INTO "customer" VALUES('3239c337-5f76-479e-a1bf-f04022fb352b',NULL)
COMMIT
INSERT INTO "customer" VALUES('264563e7-ef7a-43da-bbee-68a294341a44',NULL)
COMMIT
INSERT INTO "customer" VALUES('7aee2986-0ac2-48b6-bc46-2a02d3c27c40',NULL)
COMMIT
INSERT INTO "customer" VALUES('847b151c-a8af-4492-ba05-25e4c91f8467',NULL)
COMMIT
INSERT INTO "customer" VALUES('fbc93f98-5ad6-4d8f-aecd-56b24739bcff',NULL)
COMMIT
INSERT INTO "customer" VALUES('20faf0fe-8c67-4eea-852e-deb751d4fcf0',NULL)
COMMIT
INSERT INTO "customer" VALUES('fefd6b4b-83a5-417b-a726-5e85778f0502',NULL)
COMMIT
INSERT INTO "customer" VALUES('a4ef3317-dfc9-4d2b-84ac-005c6bb5e830',NULL)
COMMIT
INSERT INTO "customer" VALUES('36d0a1db-9f18-42c1-95bb-4daa3468726f',NULL)
COMMIT
INSERT INTO "customer" VALUES('52e51fe4-921a-4b4c-b90c-25c69f6c64a2',NULL)
COMMIT
INSERT INTO "customer" VALUES('a20f13b1-f34f-4a9e-9756-faebc0183d8a',NULL)
COMMIT
INSERT INTO "customer" VALUES('6dd8d34f-92a2-45a7-bed3-d299a210a320',NULL)
COMMIT
INSERT INTO "customer" VALUES('52e99b87-c122-40ac-a6e3-9c3d985b1c46',NULL)
COMMIT
INSERT INTO "customer" VALUES('5d1b2252-9ac8-4b1a-ad9a-81cc39d4df8e',NULL)
COMMIT
INSERT INTO "customer" VALUES('61e3ec88-22b3-4ffc-b917-555eeba43362',NULL)
COMMIT
INSERT INTO "customer" VALUES('7120b102-7bda-43fe-9b1c-6d700988617d',NULL)
COMMIT
INSERT INTO "customer" VALUES('dd58badb-e0c8-4b00-a9e7-4f65a31cf583',NULL)
COMMIT
INSERT INTO "customer" VALUES('6dfe4dae-9ec0-4249-84ed-6df89eb5fc03',NULL)
COMMIT
INSERT INTO "customer" VALUES('d98ecd18-d4c6-4e61-9b2f-302c57059152',NULL)
COMMIT
INSERT INTO "customer" VALUES('6081d099-2a85-4178-a803-d97bc0fcbfa0',NULL)
COMMIT
INSERT INTO "customer" VALUES('ee1653e5-476d-4e46-855c-0605588e3a5e',NULL)
COMMIT
INSERT INTO "customer" VALUES('89d57504-d5cc-47a6-a1cc-c2caa06d14a9',NULL)
COMMIT
INSERT INTO "customer" VALUES('9ad818af-7998-4a16-b932-b9f7b82ed85d',NULL)
COMMIT
INSERT INTO "customer" VALUES('76741349-71dd-4b05-89ac-3e32cbca8d57',NULL)
COMMIT
INSERT INTO "customer" VALUES('fc257249-f63f-4efb-a36d-ff82fcdca687',NULL)
COMMIT
INSERT INTO "customer" VALUES('c8bc1d48-d839-4548-a60f-0fd916d93ee9',NULL)
COMMIT
INSERT INTO "customer" VALUES('0fa709d1-c4f5-4406-90da-860995ef71f2',NULL)
COMMIT
INSERT INTO "customer" VALUES('6654c358-ed83-4f46-b017-4c6ff67cdd7f',NULL)
COMMIT
INSERT INTO "customer" VALUES('0ca91dcf-ed0e-4286-b50b-64bb8d243b2d',NULL)
COMMIT
INSERT INTO "customer" VALUES('10e131c8-e6b4-4ba2-8703-91f6ce2732b8',NULL)
COMMIT
INSERT INTO "customer" VALUES('3abac5c1-3fd4-409d-96f4-7a89a7085733',NULL)
COMMIT
INSERT INTO "customer" VALUES('414d4c17-98b4-4eed-b625-80049a705d0f',NULL)
COMMIT
INSERT INTO "customer" VALUES('70f01a8c-bf0c-4c13-9a79-474fa7b1e476',NULL)
COMMIT
INSERT INTO "customer" VALUES('e3d10143-78e5-4678-a138-68dd2bc2a545',NULL)
COMMIT
INSERT INTO "customer" VALUES('1ff77c93-7ed1-4b4d-8f4c-6b7158a63744',NULL)
COMMIT
INSERT INTO "customer" VALUES('6916830f-a6d8-4da6-a2fe-a894d3acc327',NULL)
COMMIT
INSERT INTO "customer" VALUES('a512bd04-b043-49b7-a0be-36a45ac5df15',NULL)
COMMIT
INSERT INTO "customer" VALUES('bd0823ef-8553-458f-a694-3784e26d011e',NULL)
COMMIT
INSERT INTO "customer" VALUES('eaeed842-66df-457d-b571-5d1e5098b76d',NULL)
COMMIT
INSERT INTO "customer" VALUES('28f7f68a-bb97-4856-bbff-3c602bfa9203',NULL)
COMMIT
INSERT INTO "customer" VALUES('a908249c-dbb7-405b-b827-54bdb26d7bb7',NULL)
COMMIT
INSERT INTO "customer" VALUES('15839534-748b-4aa0-8622-0ba7996af816',NULL)
COMMIT
INSERT INTO "customer" VALUES('5032b56e-90a1-4685-9972-f6fc1ae5e04b',NULL)
COMMIT
INSERT INTO "customer" VALUES('da03df68-443d-4569-bf88-052bb822dc22',NULL)
COMMIT
INSERT INTO "customer" VALUES('335856c1-0a4a-49ce-ad67-26dada4c5457',NULL)
COMMIT
INSERT INTO "customer" VALUES('c1410748-1684-4aaa-bdf6-a41808462b54',NULL)
COMMIT
INSERT INTO "customer" VALUES('7072efd8-af5b-4168-a457-02b4795d4f08',NULL)
COMMIT
INSERT INTO "customer" VALUES('3aa72b46-862b-4aa3-8ef9-196cbc43aed3',NULL)
COMMIT
INSERT INTO "customer" VALUES('7a7682d6-f372-4793-be71-24d331f9d6e2',NULL)
COMMIT
INSERT INTO "customer" VALUES('dda2f275-2777-4dee-9e3e-b7fedb3e2f01',NULL)
COMMIT
INSERT INTO "customer" VALUES('231ff37c-5588-4d5e-88e5-fedda958b480',NULL)
COMMIT
INSERT INTO "customer" VALUES('f24c5d78-4661-4dab-87dd-213f2f3ba247',NULL)
COMMIT
INSERT INTO "customer" VALUES('d56dd0cd-1e18-4cbb-b25c-7db6c10745b9',NULL)
COMMIT
INSERT INTO "customer" VALUES('68175951-d636-4498-bcc4-0fc2b254ac54',NULL)
COMMIT
INSERT INTO "customer" VALUES('5e72d61f-9b4c-4348-90ae-b3cad8a9cd29',NULL)
COMMIT
INSERT INTO "customer" VALUES('eaaa8038-8ef3-4e4e-9b6f-8617b696bed9',NULL)
COMMIT
INSERT INTO "customer" VALUES('d8f1174e-29b8-44bf-8d47-eb7fd9236c16',NULL)
COMMIT
INSERT INTO "customer" VALUES('b87c7b77-b3a2-4ed9-a940-ca9945bd7acc',NULL)
COMMIT
INSERT INTO "customer" VALUES('31d537f9-06e6-42b6-8961-10ff3dddc4c4',NULL)
COMMIT
INSERT INTO "customer" VALUES('98fc46fe-0c38-4513-9bae-1d61e6770c67',NULL)
COMMIT
INSERT INTO "customer" VALUES('dcd6543a-1735-4287-8e20-5a2aa26b18b8',NULL)
COMMIT
INSERT INTO "customer" VALUES('bb6cbf66-dcc7-43f6-a73c-1fc1ab92340c',NULL)
COMMIT
INSERT INTO "customer" VALUES('69714600-14e0-4756-ac1b-f488668a3086',NULL)
COMMIT
INSERT INTO "customer" VALUES('272d6a98-c66a-47cf-bfc3-607333514e36',NULL)
COMMIT
INSERT INTO "customer" VALUES('a7b67cf2-d929-4d9c-8427-3978a489b052',NULL)
COMMIT
INSERT INTO "customer" VALUES('4a307863-0b3c-43b9-856c-0cd2efb1c5aa',NULL)
COMMIT
INSERT INTO "customer" VALUES('b7110077-bcbf-49bc-9998-f9887af35142',NULL)
COMMIT
INSERT INTO "customer" VALUES('030604c4-3f3a-478e-b6cd-e34405e2dedd',NULL)
COMMIT
INSERT INTO "customer" VALUES('226e2571-9590-4c0d-b647-88ecc60f1cfc',NULL)
COMMIT
INSERT INTO "customer" VALUES('8957dfcc-798c-4df2-8545-387ebbe1a0db',NULL)
COMMIT
INSERT INTO "customer" VALUES('ed95b0b2-9b4f-4784-b5db-de3f93e9d1e9',NULL)
COMMIT
INSERT INTO "customer" VALUES('39d4ffaa-1295-4d0b-b840-707d94dfa6f5',NULL)
COMMIT
INSERT INTO "customer" VALUES('95e48761-1542-4570-a64d-97de40d39e62',NULL)
COMMIT
