2020-06-12 04:07:52.814 1 INSERT INTO SYSTEM_LOBS.BLOCKS VALUES(?,?,?) (0,2147483647,0)
2020-06-12 04:07:52.828 1 COMMIT 
2020-06-12 04:08:46.312 2 SELECT * FROM INFORMATION_SCHEMA.SYSTEM_TABLES WHERE TRUE AND TABLE_NAME = 'customer' 
2020-06-12 04:08:46.338 2 COMMIT 
2020-06-12 04:08:46.340 2 DROP SCHEMA PUBLIC CASCADE 
2020-06-12 04:08:46.340 2 COMMIT 
2020-06-12 04:08:46.341 2 COMMIT 
2020-06-12 04:08:46.342 2 DROP TABLE IF EXISTS "customer" 
2020-06-12 04:08:46.342 2 COMMIT 
2020-06-12 04:08:46.344 2 COMMIT 
2020-06-12 04:08:46.346 2 CREATE TABLE "customer" (
    "id" varchar(255),
    "current_order_id" varchar(255),
    PRIMARY KEY("id")
) 
2020-06-12 04:08:46.347 2 COMMIT 
2020-06-12 04:08:46.348 2 COMMIT 
2020-06-12 04:08:46.349 2 DROP TABLE IF EXISTS "order" 
2020-06-12 04:08:46.350 2 COMMIT 
2020-06-12 04:08:46.352 2 COMMIT 
2020-06-12 04:08:46.353 2 CREATE TABLE "order" (
    "id" varchar(255),
    "customer_id" varchar(255),
    "timestamp" TIMESTAMP DEFAULT CURRENT_TIMESTAMP,
    PRIMARY KEY("id"),
    FOREIGN KEY ("customer_id") REFERENCES "customer"("id")) 
2020-06-12 04:08:46.353 2 COMMIT 
2020-06-12 04:08:46.354 2 COMMIT 
2020-06-12 04:08:46.357 2 ALTER TABLE "customer"
   ADD CONSTRAINT FK_customer_current_order_id_order_id
   FOREIGN KEY ("current_order_id") REFERENCES "order"("id") 
2020-06-12 04:08:46.357 2 COMMIT 
2020-06-12 04:08:46.358 2 COMMIT 
2020-06-12 04:08:46.359 2 DROP TABLE IF EXISTS "product" 
2020-06-12 04:08:46.360 2 COMMIT 
2020-06-12 04:08:46.360 2 COMMIT 
2020-06-12 04:08:46.361 2 CREATE TABLE "product" (
    "name" varchar(255),
    "description" varchar(255),
    "price" float,
    "stock" int,
    PRIMARY KEY("name")
) 
2020-06-12 04:08:46.361 2 COMMIT 
2020-06-12 04:08:46.362 2 COMMIT 
2020-06-12 04:08:46.363 2 DROP TABLE IF EXISTS "order_product" 
2020-06-12 04:08:46.363 2 COMMIT 
2020-06-12 04:08:46.364 2 COMMIT 
2020-06-12 04:08:46.365 2 CREATE TABLE "order_product" (
    "order_id" varchar(255),
    "product_name" varchar(255),
    "quantity" int,
    PRIMARY KEY("order_id", "product_name"),
    FOREIGN KEY ("order_id") REFERENCES "order"("id"),
    FOREIGN KEY ("product_name") REFERENCES 
2020-06-12 04:08:46.365 2 COMMIT 
2020-06-12 15:21:59.401 4 SELECT * FROM INFORMATION_SCHEMA.SYSTEM_TABLES WHERE TRUE AND TABLE_NAME = 'customer' 
2020-06-12 15:21:59.453 4 SELECT * FROM INFORMATION_SCHEMA.SYSTEM_TABLES WHERE TRUE AND TABLE_NAME = 'order' 
2020-06-12 15:21:59.455 4 SELECT * FROM INFORMATION_SCHEMA.SYSTEM_TABLES WHERE TRUE AND TABLE_NAME = 'product' 
2020-06-12 15:21:59.460 4 SELECT * FROM INFORMATION_SCHEMA.SYSTEM_TABLES WHERE TRUE AND TABLE_NAME LIKE 'order_product' 
