2020-06-12 16:03:49.947 1 INSERT INTO SYSTEM_LOBS.BLOCKS VALUES(?,?,?) (0,2147483647,0)
2020-06-12 16:03:49.957 1 COMMIT 
2020-06-12 16:03:50.149 2 SELECT * FROM INFORMATION_SCHEMA.SYSTEM_TABLES WHERE TRUE AND TABLE_NAME = 'customer' 
2020-06-12 16:03:50.219 2 COMMIT 
2020-06-12 16:03:50.230 2 DROP SCHEMA PUBLIC CASCADE 
2020-06-12 16:03:50.230 2 COMMIT 
2020-06-12 16:03:50.232 2 COMMIT 
2020-06-12 16:03:50.234 2 DROP TABLE IF EXISTS "customer" 
2020-06-12 16:03:50.234 2 COMMIT 
2020-06-12 16:03:50.236 2 COMMIT 
2020-06-12 16:03:50.239 2 CREATE TABLE "customer" (
    "id" varchar(255),
    "current_order_id" varchar(255),
    PRIMARY KEY("id")
) 
2020-06-12 16:03:50.239 2 COMMIT 
2020-06-12 16:03:50.241 2 COMMIT 
2020-06-12 16:03:50.243 2 DROP TABLE IF EXISTS "order" 
2020-06-12 16:03:50.243 2 COMMIT 
2020-06-12 16:03:50.246 2 COMMIT 
2020-06-12 16:03:50.249 2 CREATE TABLE "order" (
    "id" varchar(255),
    "customer_id" varchar(255),
    "timestamp" TIMESTAMP DEFAULT CURRENT_TIMESTAMP,
    PRIMARY KEY("id"),
    FOREIGN KEY ("customer_id") REFERENCES "customer"("id")) 
2020-06-12 16:03:50.250 2 COMMIT 
2020-06-12 16:03:50.252 2 COMMIT 
2020-06-12 16:03:50.255 2 ALTER TABLE "customer"
   ADD CONSTRAINT FK_customer_current_order_id_order_id
   FOREIGN KEY ("current_order_id") REFERENCES "order"("id") 
2020-06-12 16:03:50.255 2 COMMIT 
2020-06-12 16:03:50.257 2 COMMIT 
2020-06-12 16:03:50.259 2 DROP TABLE IF EXISTS "product" 
2020-06-12 16:03:50.259 2 COMMIT 
2020-06-12 16:03:50.262 2 COMMIT 
2020-06-12 16:03:50.263 2 CREATE TABLE "product" (
    "name" varchar(255),
    "description" varchar(255),
    "price" float,
    "stock" int,
    PRIMARY KEY("name")
) 
2020-06-12 16:03:50.263 2 COMMIT 
2020-06-12 16:03:50.266 2 COMMIT 
2020-06-12 16:03:50.267 2 DROP TABLE IF EXISTS "order_product" 
2020-06-12 16:03:50.268 2 COMMIT 
2020-06-12 16:03:50.270 2 COMMIT 
2020-06-12 16:03:50.272 2 CREATE TABLE "order_product" (
    "order_id" varchar(255),
    "product_name" varchar(255),
    "quantity" int,
    PRIMARY KEY("order_id", "product_name"),
    FOREIGN KEY ("order_id") REFERENCES "order"("id"),
    FOREIGN KEY ("product_name") REFERENCES 
2020-06-12 16:03:50.273 2 COMMIT 
2020-06-12 16:03:52.273 2 ROLLBACK 
2020-06-12 16:07:40.430 4 SELECT * FROM INFORMATION_SCHEMA.SYSTEM_TABLES WHERE TRUE AND TABLE_NAME = 'customer' 
2020-06-12 16:07:40.470 4 SELECT * FROM INFORMATION_SCHEMA.SYSTEM_TABLES WHERE TRUE AND TABLE_NAME = 'order' 
2020-06-12 16:07:40.472 4 SELECT * FROM INFORMATION_SCHEMA.SYSTEM_TABLES WHERE TRUE AND TABLE_NAME = 'product' 
2020-06-12 16:07:40.480 4 SELECT * FROM INFORMATION_SCHEMA.SYSTEM_TABLES WHERE TRUE AND TABLE_NAME LIKE 'order_product' 
2020-06-12 16:07:41.988 4 ROLLBACK 
2020-06-12 16:09:34.394 3 SELECT * FROM INFORMATION_SCHEMA.SYSTEM_TABLES WHERE TRUE AND TABLE_NAME = 'customer' 
2020-06-12 16:09:34.441 3 SELECT * FROM INFORMATION_SCHEMA.SYSTEM_TABLES WHERE TRUE AND TABLE_NAME = 'order' 
2020-06-12 16:09:34.444 3 SELECT * FROM INFORMATION_SCHEMA.SYSTEM_TABLES WHERE TRUE AND TABLE_NAME = 'product' 
2020-06-12 16:09:34.450 3 SELECT * FROM INFORMATION_SCHEMA.SYSTEM_TABLES WHERE TRUE AND TABLE_NAME LIKE 'order_product' 
2020-06-12 16:09:36.241 3 ROLLBACK 
2020-06-12 16:11:21.745 3 SELECT * FROM INFORMATION_SCHEMA.SYSTEM_TABLES WHERE TRUE AND TABLE_NAME = 'customer' 
2020-06-12 16:11:21.769 3 SELECT * FROM INFORMATION_SCHEMA.SYSTEM_TABLES WHERE TRUE AND TABLE_NAME = 'order' 
2020-06-12 16:11:21.771 3 SELECT * FROM INFORMATION_SCHEMA.SYSTEM_TABLES WHERE TRUE AND TABLE_NAME = 'product' 
2020-06-12 16:11:21.775 3 SELECT * FROM INFORMATION_SCHEMA.SYSTEM_TABLES WHERE TRUE AND TABLE_NAME LIKE 'order_product' 
2020-06-12 16:11:22.599 3 ROLLBACK 
2020-06-12 16:11:50.484 3 SELECT * FROM INFORMATION_SCHEMA.SYSTEM_TABLES WHERE TRUE AND TABLE_NAME = 'customer' 
2020-06-12 16:11:50.508 3 SELECT * FROM INFORMATION_SCHEMA.SYSTEM_TABLES WHERE TRUE AND TABLE_NAME = 'order' 
2020-06-12 16:11:50.510 3 SELECT * FROM INFORMATION_SCHEMA.SYSTEM_TABLES WHERE TRUE AND TABLE_NAME = 'product' 
2020-06-12 16:11:50.516 3 SELECT * FROM INFORMATION_SCHEMA.SYSTEM_TABLES WHERE TRUE AND TABLE_NAME LIKE 'order_product' 
2020-06-12 16:11:51.080 3 ROLLBACK 
2020-06-12 16:12:51.169 3 SELECT * FROM INFORMATION_SCHEMA.SYSTEM_TABLES WHERE TRUE AND TABLE_NAME = 'customer' 
2020-06-12 16:12:51.192 3 SELECT * FROM INFORMATION_SCHEMA.SYSTEM_TABLES WHERE TRUE AND TABLE_NAME = 'order' 
2020-06-12 16:12:51.194 3 SELECT * FROM INFORMATION_SCHEMA.SYSTEM_TABLES WHERE TRUE AND TABLE_NAME = 'product' 
2020-06-12 16:12:51.198 3 SELECT * FROM INFORMATION_SCHEMA.SYSTEM_TABLES WHERE TRUE AND TABLE_NAME LIKE 'order_product' 
2020-06-12 16:12:52.146 3 ROLLBACK 
2020-06-12 16:13:03.192 3 SELECT * FROM INFORMATION_SCHEMA.SYSTEM_TABLES WHERE TRUE AND TABLE_NAME = 'customer' 
2020-06-12 16:13:03.218 3 SELECT * FROM INFORMATION_SCHEMA.SYSTEM_TABLES WHERE TRUE AND TABLE_NAME = 'order' 
2020-06-12 16:13:03.219 3 SELECT * FROM INFORMATION_SCHEMA.SYSTEM_TABLES WHERE TRUE AND TABLE_NAME = 'product' 
2020-06-12 16:13:03.224 3 SELECT * FROM INFORMATION_SCHEMA.SYSTEM_TABLES WHERE TRUE AND TABLE_NAME LIKE 'order_product' 
2020-06-12 16:13:03.740 3 ROLLBACK 
2020-06-12 16:31:51.008 3 SELECT * FROM INFORMATION_SCHEMA.SYSTEM_TABLES WHERE TRUE AND TABLE_NAME = 'customer' 
2020-06-12 16:31:51.063 3 SELECT * FROM INFORMATION_SCHEMA.SYSTEM_TABLES WHERE TRUE AND TABLE_NAME = 'order' 
2020-06-12 16:31:51.067 3 SELECT * FROM INFORMATION_SCHEMA.SYSTEM_TABLES WHERE TRUE AND TABLE_NAME = 'product' 
2020-06-12 16:31:51.075 3 SELECT * FROM INFORMATION_SCHEMA.SYSTEM_TABLES WHERE TRUE AND TABLE_NAME LIKE 'order_product' 
2020-06-12 16:31:51.975 3 ROLLBACK 
2020-06-12 16:39:59.873 3 SELECT * FROM INFORMATION_SCHEMA.SYSTEM_TABLES WHERE TRUE AND TABLE_NAME = 'customer' 
2020-06-12 16:39:59.902 3 SELECT * FROM INFORMATION_SCHEMA.SYSTEM_TABLES WHERE TRUE AND TABLE_NAME = 'order' 
2020-06-12 16:39:59.904 3 SELECT * FROM INFORMATION_SCHEMA.SYSTEM_TABLES WHERE TRUE AND TABLE_NAME = 'product' 
2020-06-12 16:39:59.907 3 SELECT * FROM INFORMATION_SCHEMA.SYSTEM_TABLES WHERE TRUE AND TABLE_NAME LIKE 'order_product' 
2020-06-12 16:40:01.068 3 ROLLBACK 
2020-06-12 16:40:27.705 3 SELECT * FROM INFORMATION_SCHEMA.SYSTEM_TABLES WHERE TRUE AND TABLE_NAME = 'customer' 
2020-06-12 16:40:27.726 3 SELECT * FROM INFORMATION_SCHEMA.SYSTEM_TABLES WHERE TRUE AND TABLE_NAME = 'order' 
2020-06-12 16:40:27.728 3 SELECT * FROM INFORMATION_SCHEMA.SYSTEM_TABLES WHERE TRUE AND TABLE_NAME = 'product' 
2020-06-12 16:40:27.732 3 SELECT * FROM INFORMATION_SCHEMA.SYSTEM_TABLES WHERE TRUE AND TABLE_NAME LIKE 'order_product' 
2020-06-12 16:40:28.555 3 ROLLBACK 
2020-06-12 17:25:09.182 3 SELECT * FROM INFORMATION_SCHEMA.SYSTEM_TABLES WHERE TRUE AND TABLE_NAME = 'customer' 
2020-06-12 17:25:09.211 3 SELECT * FROM INFORMATION_SCHEMA.SYSTEM_TABLES WHERE TRUE AND TABLE_NAME = 'order' 
2020-06-12 17:25:09.213 3 SELECT * FROM INFORMATION_SCHEMA.SYSTEM_TABLES WHERE TRUE AND TABLE_NAME = 'product' 
2020-06-12 17:25:09.217 3 SELECT * FROM INFORMATION_SCHEMA.SYSTEM_TABLES WHERE TRUE AND TABLE_NAME LIKE 'order_product' 
2020-06-12 17:25:10.147 3 ROLLBACK 
2020-06-12 17:43:59.112 3 SELECT * FROM INFORMATION_SCHEMA.SYSTEM_TABLES WHERE TRUE AND TABLE_NAME = 'customer' 
2020-06-12 17:43:59.133 3 SELECT * FROM INFORMATION_SCHEMA.SYSTEM_TABLES WHERE TRUE AND TABLE_NAME = 'order' 
2020-06-12 17:43:59.134 3 SELECT * FROM INFORMATION_SCHEMA.SYSTEM_TABLES WHERE TRUE AND TABLE_NAME = 'product' 
2020-06-12 17:43:59.140 3 SELECT * FROM INFORMATION_SCHEMA.SYSTEM_TABLES WHERE TRUE AND TABLE_NAME LIKE 'order_product' 
2020-06-12 17:44:00.084 3 ROLLBACK 
2020-06-12 20:52:53.032 3 SELECT * FROM INFORMATION_SCHEMA.SYSTEM_TABLES WHERE TRUE AND TABLE_NAME = 'customer' 
2020-06-12 20:52:53.062 3 SELECT * FROM INFORMATION_SCHEMA.SYSTEM_TABLES WHERE TRUE AND TABLE_NAME = 'order' 
2020-06-12 20:52:53.065 3 SELECT * FROM INFORMATION_SCHEMA.SYSTEM_TABLES WHERE TRUE AND TABLE_NAME = 'product' 
2020-06-12 20:52:53.071 3 SELECT * FROM INFORMATION_SCHEMA.SYSTEM_TABLES WHERE TRUE AND TABLE_NAME LIKE 'order_product' 
2020-06-12 20:52:54.133 3 ROLLBACK 
2020-06-12 21:16:22.902 3 SELECT * FROM INFORMATION_SCHEMA.SYSTEM_TABLES WHERE TRUE AND TABLE_NAME = 'customer' 
2020-06-12 21:16:23.000 3 SELECT * FROM INFORMATION_SCHEMA.SYSTEM_TABLES WHERE TRUE AND TABLE_NAME = 'order' 
2020-06-12 21:16:23.004 3 SELECT * FROM INFORMATION_SCHEMA.SYSTEM_TABLES WHERE TRUE AND TABLE_NAME = 'product' 
2020-06-12 21:16:23.012 3 SELECT * FROM INFORMATION_SCHEMA.SYSTEM_TABLES WHERE TRUE AND TABLE_NAME LIKE 'order_product' 
2020-06-12 21:16:25.661 3 ROLLBACK 
2020-06-12 21:29:57.968 3 SELECT * FROM INFORMATION_SCHEMA.SYSTEM_TABLES WHERE TRUE AND TABLE_NAME = 'customer' 
2020-06-12 21:29:58.070 3 SELECT * FROM INFORMATION_SCHEMA.SYSTEM_TABLES WHERE TRUE AND TABLE_NAME = 'order' 
2020-06-12 21:29:58.072 3 SELECT * FROM INFORMATION_SCHEMA.SYSTEM_TABLES WHERE TRUE AND TABLE_NAME = 'product' 
2020-06-12 21:29:58.078 3 SELECT * FROM INFORMATION_SCHEMA.SYSTEM_TABLES WHERE TRUE AND TABLE_NAME LIKE 'order_product' 
2020-06-12 21:29:59.169 3 ROLLBACK 
2020-06-12 21:30:16.167 3 SELECT * FROM INFORMATION_SCHEMA.SYSTEM_TABLES WHERE TRUE AND TABLE_NAME = 'customer' 
2020-06-12 21:30:16.206 3 SELECT * FROM INFORMATION_SCHEMA.SYSTEM_TABLES WHERE TRUE AND TABLE_NAME = 'order' 
2020-06-12 21:30:16.209 3 SELECT * FROM INFORMATION_SCHEMA.SYSTEM_TABLES WHERE TRUE AND TABLE_NAME = 'product' 
2020-06-12 21:30:16.216 3 SELECT * FROM INFORMATION_SCHEMA.SYSTEM_TABLES WHERE TRUE AND TABLE_NAME LIKE 'order_product' 
2020-06-12 21:30:17.285 3 ROLLBACK 
2020-06-12 21:31:07.671 3 SELECT * FROM INFORMATION_SCHEMA.SYSTEM_TABLES WHERE TRUE AND TABLE_NAME = 'customer' 
2020-06-12 21:31:07.728 3 SELECT * FROM INFORMATION_SCHEMA.SYSTEM_TABLES WHERE TRUE AND TABLE_NAME = 'order' 
2020-06-12 21:31:07.729 3 SELECT * FROM INFORMATION_SCHEMA.SYSTEM_TABLES WHERE TRUE AND TABLE_NAME = 'product' 
2020-06-12 21:31:07.737 3 SELECT * FROM INFORMATION_SCHEMA.SYSTEM_TABLES WHERE TRUE AND TABLE_NAME LIKE 'order_product' 
2020-06-12 21:31:08.696 3 ROLLBACK 
2020-06-12 21:33:29.715 3 SELECT * FROM INFORMATION_SCHEMA.SYSTEM_TABLES WHERE TRUE AND TABLE_NAME = 'customer' 
2020-06-12 21:33:29.758 3 SELECT * FROM INFORMATION_SCHEMA.SYSTEM_TABLES WHERE TRUE AND TABLE_NAME = 'order' 
2020-06-12 21:33:29.761 3 SELECT * FROM INFORMATION_SCHEMA.SYSTEM_TABLES WHERE TRUE AND TABLE_NAME = 'product' 
2020-06-12 21:33:29.767 3 SELECT * FROM INFORMATION_SCHEMA.SYSTEM_TABLES WHERE TRUE AND TABLE_NAME LIKE 'order_product' 
2020-06-12 21:33:30.779 3 ROLLBACK 
2020-06-12 21:38:18.671 3 SELECT * FROM INFORMATION_SCHEMA.SYSTEM_TABLES WHERE TRUE AND TABLE_NAME = 'customer' 
2020-06-12 21:38:18.698 3 SELECT * FROM INFORMATION_SCHEMA.SYSTEM_TABLES WHERE TRUE AND TABLE_NAME = 'order' 
2020-06-12 21:38:18.700 3 SELECT * FROM INFORMATION_SCHEMA.SYSTEM_TABLES WHERE TRUE AND TABLE_NAME = 'product' 
2020-06-12 21:38:18.702 3 SELECT * FROM INFORMATION_SCHEMA.SYSTEM_TABLES WHERE TRUE AND TABLE_NAME LIKE 'order_product' 
2020-06-12 21:38:19.641 3 ROLLBACK 
2020-06-12 21:40:36.908 3 SELECT * FROM INFORMATION_SCHEMA.SYSTEM_TABLES WHERE TRUE AND TABLE_NAME = 'customer' 
2020-06-12 21:40:36.941 3 SELECT * FROM INFORMATION_SCHEMA.SYSTEM_TABLES WHERE TRUE AND TABLE_NAME = 'order' 
2020-06-12 21:40:36.942 3 SELECT * FROM INFORMATION_SCHEMA.SYSTEM_TABLES WHERE TRUE AND TABLE_NAME = 'product' 
2020-06-12 21:40:36.946 3 SELECT * FROM INFORMATION_SCHEMA.SYSTEM_TABLES WHERE TRUE AND TABLE_NAME LIKE 'order_product' 
2020-06-12 21:40:37.856 3 ROLLBACK 
