2020-06-12 15:26:16.563 1 INSERT INTO SYSTEM_LOBS.BLOCKS VALUES(?,?,?) (0,2147483647,0)
2020-06-12 15:26:16.569 1 COMMIT 
2020-06-12 15:26:16.678 2 SELECT * FROM INFORMATION_SCHEMA.SYSTEM_TABLES WHERE TRUE AND TABLE_NAME = 'customer' 
2020-06-12 15:26:16.686 2 COMMIT 
2020-06-12 15:26:16.689 2 DROP SCHEMA PUBLIC CASCADE 
2020-06-12 15:26:16.689 2 COMMIT 
2020-06-12 15:26:16.690 2 COMMIT 
2020-06-12 15:26:16.692 2 DROP TABLE IF EXISTS "customer" 
2020-06-12 15:26:16.692 2 COMMIT 
2020-06-12 15:26:16.693 2 COMMIT 
2020-06-12 15:26:16.695 2 CREATE TABLE "customer" (
    "id" varchar(255),
    "current_order_id" varchar(255),
    PRIMARY KEY("id")
) 
2020-06-12 15:26:16.696 2 COMMIT 
2020-06-12 15:26:16.697 2 COMMIT 
2020-06-12 15:26:16.699 2 DROP TABLE IF EXISTS "order" 
2020-06-12 15:26:16.699 2 COMMIT 
2020-06-12 15:26:16.701 2 COMMIT 
2020-06-12 15:26:16.703 2 CREATE TABLE "order" (
    "id" varchar(255),
    "customer_id" varchar(255),
    "timestamp" TIMESTAMP DEFAULT CURRENT_TIMESTAMP,
    PRIMARY KEY("id"),
    FOREIGN KEY ("customer_id") REFERENCES "customer"("id")) 
2020-06-12 15:26:16.703 2 COMMIT 
2020-06-12 15:26:16.704 2 COMMIT 
2020-06-12 15:26:16.707 2 ALTER TABLE "customer"
   ADD CONSTRAINT FK_customer_current_order_id_order_id
   FOREIGN KEY ("current_order_id") REFERENCES "order"("id") 
2020-06-12 15:26:16.708 2 COMMIT 
2020-06-12 15:26:16.709 2 COMMIT 
2020-06-12 15:26:16.711 2 DROP TABLE IF EXISTS "product" 
2020-06-12 15:26:16.712 2 COMMIT 
2020-06-12 15:26:16.713 2 COMMIT 
2020-06-12 15:26:16.715 2 CREATE TABLE "product" (
    "name" varchar(255),
    "description" varchar(255),
    "price" float,
    "stock" int,
    PRIMARY KEY("name")
) 
2020-06-12 15:26:16.715 2 COMMIT 
2020-06-12 15:26:16.716 2 COMMIT 
2020-06-12 15:26:16.718 2 DROP TABLE IF EXISTS "order_product" 
2020-06-12 15:26:16.718 2 COMMIT 
2020-06-12 15:26:16.719 2 COMMIT 
2020-06-12 15:26:16.721 2 CREATE TABLE "order_product" (
    "order_id" varchar(255),
    "product_name" varchar(255),
    "quantity" int,
    PRIMARY KEY("order_id", "product_name"),
    FOREIGN KEY ("order_id") REFERENCES "order"("id"),
    FOREIGN KEY ("product_name") REFERENCES 
2020-06-12 15:26:16.721 2 COMMIT 
2020-06-12 15:34:54.351 4 SELECT * FROM INFORMATION_SCHEMA.SYSTEM_TABLES WHERE TRUE AND TABLE_NAME = 'customer' 
2020-06-12 15:34:54.354 4 SELECT * FROM INFORMATION_SCHEMA.SYSTEM_TABLES WHERE TRUE AND TABLE_NAME = 'order' 
2020-06-12 15:34:54.356 4 SELECT * FROM INFORMATION_SCHEMA.SYSTEM_TABLES WHERE TRUE AND TABLE_NAME = 'product' 
2020-06-12 15:34:54.357 4 SELECT * FROM INFORMATION_SCHEMA.SYSTEM_TABLES WHERE TRUE AND TABLE_NAME LIKE 'order_product' 
2020-06-12 15:35:56.253 2 SELECT * FROM INFORMATION_SCHEMA.SYSTEM_TABLES WHERE TRUE AND TABLE_NAME = 'customer' 
2020-06-12 15:35:56.258 2 SELECT * FROM INFORMATION_SCHEMA.SYSTEM_TABLES WHERE TRUE AND TABLE_NAME = 'order' 
2020-06-12 15:35:56.259 2 SELECT * FROM INFORMATION_SCHEMA.SYSTEM_TABLES WHERE TRUE AND TABLE_NAME = 'product' 
2020-06-12 15:35:56.261 2 SELECT * FROM INFORMATION_SCHEMA.SYSTEM_TABLES WHERE TRUE AND TABLE_NAME LIKE 'order_product' 
2020-06-12 15:42:50.822 2 SELECT * FROM INFORMATION_SCHEMA.SYSTEM_TABLES WHERE TRUE AND TABLE_NAME = 'customer' 
2020-06-12 15:42:50.827 2 SELECT * FROM INFORMATION_SCHEMA.SYSTEM_TABLES WHERE TRUE AND TABLE_NAME = 'order' 
2020-06-12 15:42:50.828 2 SELECT * FROM INFORMATION_SCHEMA.SYSTEM_TABLES WHERE TRUE AND TABLE_NAME = 'product' 
2020-06-12 15:42:50.829 2 SELECT * FROM INFORMATION_SCHEMA.SYSTEM_TABLES WHERE TRUE AND TABLE_NAME LIKE 'order_product' 
2020-06-12 15:43:29.854 2 SELECT * FROM INFORMATION_SCHEMA.SYSTEM_TABLES WHERE TRUE AND TABLE_NAME = 'customer' 
2020-06-12 15:43:29.858 2 SELECT * FROM INFORMATION_SCHEMA.SYSTEM_TABLES WHERE TRUE AND TABLE_NAME = 'order' 
2020-06-12 15:43:29.859 2 SELECT * FROM INFORMATION_SCHEMA.SYSTEM_TABLES WHERE TRUE AND TABLE_NAME = 'product' 
2020-06-12 15:43:29.860 2 SELECT * FROM INFORMATION_SCHEMA.SYSTEM_TABLES WHERE TRUE AND TABLE_NAME LIKE 'order_product' 
