2020-05-25 11:33:20.088 1 INSERT INTO SYSTEM_LOBS.BLOCKS VALUES(?,?,?) (0,2147483647,0)
2020-05-25 11:33:20.097 1 COMMIT 
2020-05-25 11:33:20.108 2 COMMIT 
2020-05-25 11:33:20.109 2 DROP SCHEMA PUBLIC CASCADE 
2020-05-25 11:33:20.109 2 COMMIT 
2020-05-25 11:33:20.109 2 COMMIT 
2020-05-25 11:33:20.110 2 DROP TABLE IF EXISTS "customer" 
2020-05-25 11:33:20.110 2 COMMIT 
2020-05-25 11:33:20.110 2 COMMIT 
2020-05-25 11:33:20.111 2 CREATE TABLE "customer" (
    "id" varchar(255),
    "current_order_id" varchar(255),
    PRIMARY KEY("id")
) 
2020-05-25 11:33:20.111 2 COMMIT 
2020-05-25 11:33:20.111 2 COMMIT 
2020-05-25 11:33:20.112 2 DROP TABLE IF EXISTS "order" 
2020-05-25 11:33:20.112 2 COMMIT 
2020-05-25 11:33:20.113 2 COMMIT 
2020-05-25 11:33:20.113 2 CREATE TABLE "order" (
    "id" varchar(255),
    "customer_id" varchar(255),
    PRIMARY KEY("id"),
    FOREIGN KEY ("customer_id") REFERENCES "customer"("id")) 
2020-05-25 11:33:20.114 2 COMMIT 
2020-05-25 11:33:20.114 2 COMMIT 
2020-05-25 11:33:20.115 2 ALTER TABLE "customer"
   ADD CONSTRAINT FK_customer_current_order_id_order_id
   FOREIGN KEY ("current_order_id") REFERENCES "order"("id") 
2020-05-25 11:33:20.115 2 COMMIT 
2020-05-25 11:33:20.115 2 COMMIT 
2020-05-25 11:33:20.116 2 DROP TABLE IF EXISTS "product" 
2020-05-25 11:33:20.116 2 COMMIT 
2020-05-25 11:33:20.116 2 COMMIT 
2020-05-25 11:33:20.116 2 CREATE TABLE "product" (
    "name" varchar(255),
    "description" varchar(255),
    "price" int,
    "stock" int,
    PRIMARY KEY("name")
) 
2020-05-25 11:33:20.117 2 COMMIT 
2020-05-25 11:33:20.117 2 COMMIT 
2020-05-25 11:33:20.117 2 DROP TABLE IF EXISTS "order_product" 
2020-05-25 11:33:20.117 2 COMMIT 
2020-05-25 11:33:20.118 2 COMMIT 
2020-05-25 11:33:20.119 2 CREATE TABLE "order_product" (
    "order_id" varchar(255),
    "product_name" varchar(255),
    "quantity" int,
    PRIMARY KEY("order_id", "product_name"),
    FOREIGN KEY ("order_id") REFERENCES "order"("id"),
    FOREIGN KEY ("product_name") REFERENCES 
2020-05-25 11:33:20.119 2 COMMIT 
2020-05-25 11:33:20.125 2 COMMIT 
2020-05-25 11:59:18.379 4 SELECT * FROM INFORMATION_SCHEMA.SYSTEM_SCHEMAS 
2020-05-25 11:59:18.397 4 COMMIT 
2020-05-25 12:11:34.964 2 SELECT * FROM INFORMATION_SCHEMA.SYSTEM_SCHEMAS 
2020-05-25 12:11:35.001 2 COMMIT 
