2020-06-01 11:11:54.716 1 INSERT INTO SYSTEM_LOBS.BLOCKS VALUES(?,?,?) (0,2147483647,0)
2020-06-01 11:11:54.726 1 COMMIT 
2020-06-01 11:11:54.741 2 SELECT * FROM INFORMATION_SCHEMA.SYSTEM_SCHEMAS 
2020-06-01 11:13:23.268 1 INSERT INTO SYSTEM_LOBS.BLOCKS VALUES(?,?,?) (0,2147483647,0)
2020-06-01 11:13:23.276 1 COMMIT 
2020-06-01 11:13:23.315 2 SELECT * FROM INFORMATION_SCHEMA.SYSTEM_SCHEMAS 
2020-06-01 11:13:23.341 2 COMMIT 
2020-06-01 11:13:23.342 2 DROP SCHEMA PUBLIC CASCADE 
2020-06-01 11:13:23.343 2 COMMIT 
2020-06-01 11:13:23.345 2 COMMIT 
2020-06-01 11:13:23.345 2 DROP TABLE IF EXISTS "customer" 
2020-06-01 11:13:23.346 2 COMMIT 
2020-06-01 11:13:23.347 2 COMMIT 
2020-06-01 11:13:23.347 2 CREATE TABLE "customer" (
    "id" varchar(255),
    "current_order_id" varchar(255),
    PRIMARY KEY("id")
) 
2020-06-01 11:13:23.348 2 COMMIT 
2020-06-01 11:13:23.348 2 COMMIT 
2020-06-01 11:13:23.349 2 DROP TABLE IF EXISTS "order" 
2020-06-01 11:13:23.349 2 COMMIT 
2020-06-01 11:13:23.350 2 COMMIT 
2020-06-01 11:13:23.351 2 CREATE TABLE "order" (
    "id" varchar(255),
    "customer_id" varchar(255),
    PRIMARY KEY("id"),
    FOREIGN KEY ("customer_id") REFERENCES "customer"("id")) 
2020-06-01 11:13:23.351 2 COMMIT 
2020-06-01 11:13:23.352 2 COMMIT 
2020-06-01 11:13:23.354 2 ALTER TABLE "customer"
   ADD CONSTRAINT FK_customer_current_order_id_order_id
   FOREIGN KEY ("current_order_id") REFERENCES "order"("id") 
2020-06-01 11:13:23.354 2 COMMIT 
2020-06-01 11:13:23.355 2 COMMIT 
2020-06-01 11:13:23.355 2 DROP TABLE IF EXISTS "product" 
2020-06-01 11:13:23.356 2 COMMIT 
2020-06-01 11:13:23.356 2 COMMIT 
2020-06-01 11:13:23.357 2 CREATE TABLE "product" (
    "name" varchar(255),
    "description" varchar(255),
    "price" int,
    "stock" int,
    PRIMARY KEY("name")
) 
2020-06-01 11:13:23.357 2 COMMIT 
2020-06-01 11:13:23.357 2 COMMIT 
2020-06-01 11:13:23.357 2 DROP TABLE IF EXISTS "order_product" 
2020-06-01 11:13:23.358 2 COMMIT 
2020-06-01 11:13:23.359 2 COMMIT 
2020-06-01 11:13:23.360 2 CREATE TABLE "order_product" (
    "order_id" varchar(255),
    "product_name" varchar(255),
    "quantity" int,
    PRIMARY KEY("order_id", "product_name"),
    FOREIGN KEY ("order_id") REFERENCES "order"("id"),
    FOREIGN KEY ("product_name") REFERENCES 
2020-06-01 11:13:23.360 2 COMMIT 
2020-06-01 11:13:23.369 2 COMMIT 
