2020-06-01 11:21:32.819 1 INSERT INTO SYSTEM_LOBS.BLOCKS VALUES(?,?,?) (0,2147483647,0)
2020-06-01 11:21:32.830 1 COMMIT 
2020-06-01 11:21:32.847 2 SELECT CATALOG_NAME AS TABLE_CAT FROM INFORMATION_SCHEMA.INFORMATION_SCHEMA_CATALOG_NAME 
2020-06-01 11:22:08.209 1 INSERT INTO SYSTEM_LOBS.BLOCKS VALUES(?,?,?) (0,2147483647,0)
2020-06-01 11:22:08.217 1 COMMIT 
2020-06-01 11:22:08.247 2 SELECT CATALOG_NAME AS TABLE_CAT FROM INFORMATION_SCHEMA.INFORMATION_SCHEMA_CATALOG_NAME 
2020-06-01 11:22:23.100 1 INSERT INTO SYSTEM_LOBS.BLOCKS VALUES(?,?,?) (0,2147483647,0)
2020-06-01 11:22:23.110 1 COMMIT 
2020-06-01 11:22:23.171 2 SELECT CATALOG_NAME AS TABLE_CAT FROM INFORMATION_SCHEMA.INFORMATION_SCHEMA_CATALOG_NAME 
2020-06-01 11:25:25.530 3 SELECT * FROM INFORMATION_SCHEMA.SYSTEM_SCHEMAS 
2020-06-01 11:25:25.553 3 COMMIT 
2020-06-01 11:25:25.562 3 DROP SCHEMA PUBLIC CASCADE 
2020-06-01 11:25:25.562 3 COMMIT 
2020-06-01 11:25:25.563 3 COMMIT 
2020-06-01 11:25:25.564 3 DROP TABLE IF EXISTS "customer" 
2020-06-01 11:25:25.564 3 COMMIT 
2020-06-01 11:25:25.565 3 COMMIT 
2020-06-01 11:25:25.566 3 CREATE TABLE "customer" (
    "id" varchar(255),
    "current_order_id" varchar(255),
    PRIMARY KEY("id")
) 
2020-06-01 11:25:25.566 3 COMMIT 
2020-06-01 11:25:25.566 3 COMMIT 
2020-06-01 11:25:25.567 3 DROP TABLE IF EXISTS "order" 
2020-06-01 11:25:25.567 3 COMMIT 
2020-06-01 11:25:25.568 3 COMMIT 
2020-06-01 11:25:25.569 3 CREATE TABLE "order" (
    "id" varchar(255),
    "customer_id" varchar(255),
    PRIMARY KEY("id"),
    FOREIGN KEY ("customer_id") REFERENCES "customer"("id")) 
2020-06-01 11:25:25.570 3 COMMIT 
2020-06-01 11:25:25.571 3 COMMIT 
2020-06-01 11:25:25.572 3 ALTER TABLE "customer"
   ADD CONSTRAINT FK_customer_current_order_id_order_id
   FOREIGN KEY ("current_order_id") REFERENCES "order"("id") 
2020-06-01 11:25:25.572 3 COMMIT 
2020-06-01 11:25:25.573 3 COMMIT 
2020-06-01 11:25:25.573 3 DROP TABLE IF EXISTS "product" 
2020-06-01 11:25:25.574 3 COMMIT 
2020-06-01 11:25:25.575 3 COMMIT 
2020-06-01 11:25:25.575 3 CREATE TABLE "product" (
    "name" varchar(255),
    "description" varchar(255),
    "price" int,
    "stock" int,
    PRIMARY KEY("name")
) 
2020-06-01 11:25:25.576 3 COMMIT 
2020-06-01 11:25:25.576 3 COMMIT 
2020-06-01 11:25:25.577 3 DROP TABLE IF EXISTS "order_product" 
2020-06-01 11:25:25.577 3 COMMIT 
2020-06-01 11:25:25.578 3 COMMIT 
2020-06-01 11:25:25.579 3 CREATE TABLE "order_product" (
    "order_id" varchar(255),
    "product_name" varchar(255),
    "quantity" int,
    PRIMARY KEY("order_id", "product_name"),
    FOREIGN KEY ("order_id") REFERENCES "order"("id"),
    FOREIGN KEY ("product_name") REFERENCES 
2020-06-01 11:25:25.580 3 COMMIT 
2020-06-01 11:25:25.591 3 COMMIT 
