2020-06-01 11:26:33.823 1 INSERT INTO SYSTEM_LOBS.BLOCKS VALUES(?,?,?) (0,2147483647,0)
2020-06-01 11:26:33.832 1 COMMIT 
2020-06-01 11:26:33.845 2 SELECT * FROM INFORMATION_SCHEMA.SYSTEM_SCHEMAS 
2020-06-01 11:26:33.865 2 COMMIT 
2020-06-01 11:26:33.866 2 DROP SCHEMA PUBLIC CASCADE 
2020-06-01 11:26:33.866 2 COMMIT 
2020-06-01 11:26:33.867 2 COMMIT 
2020-06-01 11:26:33.867 2 DROP TABLE IF EXISTS "customer" 
2020-06-01 11:26:33.868 2 COMMIT 
2020-06-01 11:26:33.868 2 COMMIT 
2020-06-01 11:26:33.869 2 CREATE TABLE "customer" (
    "id" varchar(255),
    "current_order_id" varchar(255),
    PRIMARY KEY("id")
) 
2020-06-01 11:26:33.869 2 COMMIT 
2020-06-01 11:26:33.870 2 COMMIT 
2020-06-01 11:26:33.870 2 DROP TABLE IF EXISTS "order" 
2020-06-01 11:26:33.870 2 COMMIT 
2020-06-01 11:26:33.871 2 COMMIT 
2020-06-01 11:26:33.872 2 CREATE TABLE "order" (
    "id" varchar(255),
    "customer_id" varchar(255),
    PRIMARY KEY("id"),
    FOREIGN KEY ("customer_id") REFERENCES "customer"("id")) 
2020-06-01 11:26:33.872 2 COMMIT 
2020-06-01 11:26:33.873 2 COMMIT 
2020-06-01 11:26:33.874 2 ALTER TABLE "customer"
   ADD CONSTRAINT FK_customer_current_order_id_order_id
   FOREIGN KEY ("current_order_id") REFERENCES "order"("id") 
2020-06-01 11:26:33.875 2 COMMIT 
2020-06-01 11:26:33.875 2 COMMIT 
2020-06-01 11:26:33.875 2 DROP TABLE IF EXISTS "product" 
2020-06-01 11:26:33.875 2 COMMIT 
2020-06-01 11:26:33.876 2 COMMIT 
2020-06-01 11:26:33.876 2 CREATE TABLE "product" (
    "name" varchar(255),
    "description" varchar(255),
    "price" int,
    "stock" int,
    PRIMARY KEY("name")
) 
2020-06-01 11:26:33.877 2 COMMIT 
2020-06-01 11:26:33.877 2 COMMIT 
2020-06-01 11:26:33.877 2 DROP TABLE IF EXISTS "order_product" 
2020-06-01 11:26:33.877 2 COMMIT 
2020-06-01 11:26:33.878 2 COMMIT 
2020-06-01 11:26:33.879 2 CREATE TABLE "order_product" (
    "order_id" varchar(255),
    "product_name" varchar(255),
    "quantity" int,
    PRIMARY KEY("order_id", "product_name"),
    FOREIGN KEY ("order_id") REFERENCES "order"("id"),
    FOREIGN KEY ("product_name") REFERENCES 
2020-06-01 11:26:33.879 2 COMMIT 
2020-06-01 11:26:33.886 2 COMMIT 
2020-06-01 11:28:22.563 4 SELECT * FROM INFORMATION_SCHEMA.SYSTEM_SCHEMAS 
2020-06-01 11:28:22.592 4 COMMIT 
2020-06-01 11:28:22.600 4 DROP SCHEMA PUBLIC CASCADE 
2020-06-01 11:28:22.601 4 COMMIT 
2020-06-01 11:28:22.601 4 COMMIT 
2020-06-01 11:28:22.602 4 DROP TABLE IF EXISTS "customer" 
2020-06-01 11:28:22.602 4 COMMIT 
2020-06-01 11:28:22.603 4 COMMIT 
2020-06-01 11:28:22.604 4 CREATE TABLE "customer" (
    "id" varchar(255),
    "current_order_id" varchar(255),
    PRIMARY KEY("id")
) 
2020-06-01 11:28:22.604 4 COMMIT 
2020-06-01 11:28:22.605 4 COMMIT 
2020-06-01 11:28:22.605 4 DROP TABLE IF EXISTS "order" 
2020-06-01 11:28:22.606 4 COMMIT 
2020-06-01 11:28:22.607 4 COMMIT 
2020-06-01 11:28:22.608 4 CREATE TABLE "order" (
    "id" varchar(255),
    "customer_id" varchar(255),
    PRIMARY KEY("id"),
    FOREIGN KEY ("customer_id") REFERENCES "customer"("id")) 
2020-06-01 11:28:22.608 4 COMMIT 
2020-06-01 11:28:22.609 4 COMMIT 
2020-06-01 11:28:22.610 4 ALTER TABLE "customer"
   ADD CONSTRAINT FK_customer_current_order_id_order_id
   FOREIGN KEY ("current_order_id") REFERENCES "order"("id") 
2020-06-01 11:28:22.610 4 COMMIT 
2020-06-01 11:28:22.611 4 COMMIT 
2020-06-01 11:28:22.611 4 DROP TABLE IF EXISTS "product" 
2020-06-01 11:28:22.611 4 COMMIT 
2020-06-01 11:28:22.612 4 COMMIT 
2020-06-01 11:28:22.612 4 CREATE TABLE "product" (
    "name" varchar(255),
    "description" varchar(255),
    "price" int,
    "stock" int,
    PRIMARY KEY("name")
) 
2020-06-01 11:28:22.613 4 COMMIT 
2020-06-01 11:28:22.613 4 COMMIT 
2020-06-01 11:28:22.614 4 DROP TABLE IF EXISTS "order_product" 
2020-06-01 11:28:22.614 4 COMMIT 
2020-06-01 11:28:22.615 4 COMMIT 
2020-06-01 11:28:22.616 4 CREATE TABLE "order_product" (
    "order_id" varchar(255),
    "product_name" varchar(255),
    "quantity" int,
    PRIMARY KEY("order_id", "product_name"),
    FOREIGN KEY ("order_id") REFERENCES "order"("id"),
    FOREIGN KEY ("product_name") REFERENCES 
2020-06-01 11:28:22.617 4 COMMIT 
2020-06-01 11:28:22.628 4 COMMIT 
