2020-05-25 11:30:37.772 1 INSERT INTO SYSTEM_LOBS.BLOCKS VALUES(?,?,?) (0,2147483647,0)
2020-05-25 11:30:37.780 1 COMMIT 
2020-05-25 11:32:15.467 1 INSERT INTO SYSTEM_LOBS.BLOCKS VALUES(?,?,?) (0,2147483647,0)
2020-05-25 11:32:15.476 1 COMMIT 
2020-05-25 11:32:49.172 1 INSERT INTO SYSTEM_LOBS.BLOCKS VALUES(?,?,?) (0,2147483647,0)
2020-05-25 11:32:49.182 1 COMMIT 
2020-05-25 11:32:49.217 2 COMMIT 
2020-05-25 11:32:49.218 2 DROP SCHEMA PUBLIC CASCADE 
2020-05-25 11:32:49.219 2 COMMIT 
2020-05-25 11:32:49.219 2 COMMIT 
2020-05-25 11:32:49.219 2 DROP TABLE IF EXISTS "customer" 
2020-05-25 11:32:49.220 2 COMMIT 
2020-05-25 11:32:49.221 2 COMMIT 
2020-05-25 11:32:49.221 2 CREATE TABLE "customer" (
    "id" varchar(255),
    "current_order_id" varchar(255),
    PRIMARY KEY("id")
) 
2020-05-25 11:32:49.222 2 COMMIT 
2020-05-25 11:32:49.222 2 COMMIT 
2020-05-25 11:32:49.222 2 DROP TABLE IF EXISTS "order" 
2020-05-25 11:32:49.223 2 COMMIT 
2020-05-25 11:32:49.223 2 COMMIT 
2020-05-25 11:32:49.225 2 CREATE TABLE "order" (
    "id" varchar(255),
    "customer_id" varchar(255),
    PRIMARY KEY("id"),
    FOREIGN KEY ("customer_id") REFERENCES "customer"("id")) 
2020-05-25 11:32:49.225 2 COMMIT 
2020-05-25 11:32:49.225 2 COMMIT 
2020-05-25 11:32:49.227 2 ALTER TABLE "customer"
   ADD CONSTRAINT FK_customer_current_order_id_order_id
   FOREIGN KEY ("current_order_id") REFERENCES "order"("id") 
2020-05-25 11:32:49.227 2 COMMIT 
2020-05-25 11:32:49.227 2 COMMIT 
2020-05-25 11:32:49.227 2 DROP TABLE IF EXISTS "product" 
2020-05-25 11:32:49.228 2 COMMIT 
2020-05-25 11:32:49.228 2 COMMIT 
2020-05-25 11:32:49.228 2 CREATE TABLE "product" (
    "name" varchar(255),
    "description" varchar(255),
    "price" int,
    "stock" int,
    PRIMARY KEY("name")
) 
2020-05-25 11:32:49.228 2 COMMIT 
2020-05-25 11:32:49.229 2 COMMIT 
2020-05-25 11:32:49.229 2 DROP TABLE IF EXISTS "order_product" 
2020-05-25 11:32:49.230 2 COMMIT 
2020-05-25 11:32:49.231 2 COMMIT 
2020-05-25 11:32:49.232 2 CREATE TABLE "order_product" (
    "order_id" varchar(255),
    "product_name" varchar(255),
    "quantity" int,
    PRIMARY KEY("order_id", "product_name"),
    FOREIGN KEY ("order_id") REFERENCES "order"("id"),
    FOREIGN KEY ("product_name") REFERENCES 
2020-05-25 11:32:49.232 2 COMMIT 
2020-05-25 11:32:49.239 2 COMMIT 
2020-05-25 12:10:48.487 4 SELECT * FROM INFORMATION_SCHEMA.SYSTEM_SCHEMAS 
2020-05-25 12:10:48.533 4 COMMIT 
